<?xml version="1.0" encoding="UTF-8"?>
<testsuite xmlns:xsi="http://www.w3.org/2001/XMLSchema-instance" xsi:noNamespaceSchemaLocation="https://maven.apache.org/surefire/maven-surefire-plugin/xsd/surefire-test-report.xsd" name="enterprise.framework.AuthTest" time="32.122" tests="2" errors="2" skipped="0" failures="0">
  <properties>
[...]
</properties>
  <testcase name="updateUserToken" classname="enterprise.framework.AuthTest" time="0">
    <error message="Failed to load ApplicationContext" type="java.lang.IllegalStateException">java.lang.IllegalStateException: Failed to load ApplicationContext
Caused by: org.springframework.beans.factory.BeanCreationException: Error creating bean with name 'enableRedisKeyspaceNotificationsInitializer' defined in class path resource [org/springframework/boot/autoconfigure/session/RedisSessionConfiguration$SpringBootRedisHttpSessionConfiguration.class]: Invocation of init method failed; nested exception is org.springframework.data.redis.connection.PoolException: Could not get a resource from the pool; nested exception is io.lettuce.core.RedisConnectionException: Unable to connect to 172.17.0.8:6382
Caused by: org.springframework.data.redis.connection.PoolException: Could not get a resource from the pool; nested exception is io.lettuce.core.RedisConnectionException: Unable to connect to 172.17.0.8:6382
Caused by: io.lettuce.core.RedisConnectionException: Unable to connect to 172.17.0.8:6382
Caused by: io.netty.channel.ConnectTimeoutException: connection timed out: /172.17.0.8:6382
</error>
    <system-out><![CDATA[17:43:07.145 [main] DEBUG org.springframework.test.context.junit4.SpringJUnit4ClassRunner - SpringJUnit4ClassRunner constructor called with [class enterprise.framework.AuthTest]
17:43:07.150 [main] DEBUG org.springframework.test.context.BootstrapUtils - Instantiating CacheAwareContextLoaderDelegate from class [org.springframework.test.context.cache.DefaultCacheAwareContextLoaderDelegate]
17:43:07.155 [main] DEBUG org.springframework.test.context.BootstrapUtils - Instantiating BootstrapContext using constructor [public org.springframework.test.context.support.DefaultBootstrapContext(java.lang.Class,org.springframework.test.context.CacheAwareContextLoaderDelegate)]
17:43:07.169 [main] DEBUG org.springframework.test.context.BootstrapUtils - Instantiating TestContextBootstrapper for test class [enterprise.framework.AuthTest] from class [org.springframework.boot.test.context.SpringBootTestContextBootstrapper]
17:43:07.180 [main] INFO org.springframework.boot.test.context.SpringBootTestContextBootstrapper - Neither @ContextConfiguration nor @ContextHierarchy found for test class [enterprise.framework.AuthTest], using SpringBootContextLoader
17:43:07.183 [main] DEBUG org.springframework.test.context.support.AbstractContextLoader - Did not detect default resource location for test class [enterprise.framework.AuthTest]: class path resource [enterprise/framework/AuthTest-context.xml] does not exist
17:43:07.183 [main] DEBUG org.springframework.test.context.support.AbstractContextLoader - Did not detect default resource location for test class [enterprise.framework.AuthTest]: class path resource [enterprise/framework/AuthTestContext.groovy] does not exist
17:43:07.183 [main] INFO org.springframework.test.context.support.AbstractContextLoader - Could not detect default resource locations for test class [enterprise.framework.AuthTest]: no resource found for suffixes {-context.xml, Context.groovy}.
17:43:07.217 [main] DEBUG org.springframework.test.context.support.ActiveProfilesUtils - Could not find an 'annotation declaring class' for annotation type [org.springframework.test.context.ActiveProfiles] and class [enterprise.framework.AuthTest]
17:43:07.347 [main] DEBUG org.springframework.boot.test.context.SpringBootTestContextBootstrapper - @TestExecutionListeners is not present for class [enterprise.framework.AuthTest]: using defaults.
17:43:07.348 [main] INFO org.springframework.boot.test.context.SpringBootTestContextBootstrapper - Loaded default TestExecutionListener class names from location [META-INF/spring.factories]: [org.springframework.boot.test.mock.mockito.MockitoTestExecutionListener, org.springframework.boot.test.mock.mockito.ResetMocksTestExecutionListener, org.springframework.boot.test.autoconfigure.restdocs.RestDocsTestExecutionListener, org.springframework.boot.test.autoconfigure.web.client.MockRestServiceServerResetTestExecutionListener, org.springframework.boot.test.autoconfigure.web.servlet.MockMvcPrintOnlyOnFailureTestExecutionListener, org.springframework.boot.test.autoconfigure.web.servlet.WebDriverTestExecutionListener, org.springframework.test.context.web.ServletTestExecutionListener, org.springframework.test.context.support.DirtiesContextBeforeModesTestExecutionListener, org.springframework.test.context.support.DependencyInjectionTestExecutionListener, org.springframework.test.context.support.DirtiesContextTestExecutionListener, org.springframework.test.context.transaction.TransactionalTestExecutionListener, org.springframework.test.context.jdbc.SqlScriptsTestExecutionListener]
17:43:07.362 [main] INFO org.springframework.boot.test.context.SpringBootTestContextBootstrapper - Using TestExecutionListeners: [org.springframework.test.context.web.ServletTestExecutionListener@2e1d27ba, org.springframework.test.context.support.DirtiesContextBeforeModesTestExecutionListener@61d6015a, org.springframework.boot.test.mock.mockito.MockitoTestExecutionListener@2525ff7e, org.springframework.boot.test.autoconfigure.SpringBootDependencyInjectionTestExecutionListener@524d6d96, org.springframework.test.context.support.DirtiesContextTestExecutionListener@152aa092, org.springframework.test.context.transaction.TransactionalTestExecutionListener@44a7bfbc, org.springframework.test.context.jdbc.SqlScriptsTestExecutionListener@4ef37659, org.springframework.boot.test.mock.mockito.ResetMocksTestExecutionListener@776b83cc, org.springframework.boot.test.autoconfigure.restdocs.RestDocsTestExecutionListener@37858383, org.springframework.boot.test.autoconfigure.web.client.MockRestServiceServerResetTestExecutionListener@4e268090, org.springframework.boot.test.autoconfigure.web.servlet.MockMvcPrintOnlyOnFailureTestExecutionListener@1bb266b3, org.springframework.boot.test.autoconfigure.web.servlet.WebDriverTestExecutionListener@306cf3ea]
17:43:07.363 [main] DEBUG org.springframework.test.annotation.ProfileValueUtils - Retrieved @ProfileValueSourceConfiguration [null] for test class [enterprise.framework.AuthTest]
17:43:07.363 [main] DEBUG org.springframework.test.annotation.ProfileValueUtils - Retrieved ProfileValueSource type [class org.springframework.test.annotation.SystemProfileValueSource] for class [enterprise.framework.AuthTest]
17:43:07.364 [main] DEBUG org.springframework.test.annotation.ProfileValueUtils - Retrieved @ProfileValueSourceConfiguration [null] for test class [enterprise.framework.AuthTest]
17:43:07.364 [main] DEBUG org.springframework.test.annotation.ProfileValueUtils - Retrieved ProfileValueSource type [class org.springframework.test.annotation.SystemProfileValueSource] for class [enterprise.framework.AuthTest]
17:43:07.365 [main] DEBUG org.springframework.test.annotation.ProfileValueUtils - Retrieved @ProfileValueSourceConfiguration [null] for test class [enterprise.framework.AuthTest]
17:43:07.365 [main] DEBUG org.springframework.test.annotation.ProfileValueUtils - Retrieved ProfileValueSource type [class org.springframework.test.annotation.SystemProfileValueSource] for class [enterprise.framework.AuthTest]
17:43:07.368 [main] DEBUG org.springframework.test.context.support.AbstractDirtiesContextTestExecutionListener - Before test class: context [DefaultTestContext@3246fb96 testClass = AuthTest, testInstance = [null], testMethod = [null], testException = [null], mergedContextConfiguration = [WebMergedContextConfiguration@2e222612 testClass = AuthTest, locations = '{}', classes = '{class enterprise.framework.erp.ErpApplication, class enterprise.framework.erp.ErpApplication}', contextInitializerClasses = '[]', activeProfiles = '{}', propertySourceLocations = '{}', propertySourceProperties = '{org.springframework.boot.test.context.SpringBootTestContextBootstrapper=true}', contextCustomizers = set[org.springframework.boot.test.context.filter.ExcludeFilterContextCustomizer@77e4c80f, org.springframework.boot.test.json.DuplicateJsonObjectContextCustomizerFactory$DuplicateJsonObjectContextCustomizer@226a82c4, org.springframework.boot.test.mock.mockito.MockitoContextCustomizer@0, org.springframework.boot.test.web.client.TestRestTemplateContextCustomizer@2357d90a, org.springframework.boot.test.web.reactive.server.WebTestClientContextCustomizer@41ee392b, org.springframework.boot.test.autoconfigure.properties.PropertyMappingContextCustomizer@0, org.springframework.boot.test.autoconfigure.web.servlet.WebDriverContextCustomizerFactory$Customizer@35083305], resourceBasePath = 'src/main/webapp', contextLoader = 'org.springframework.boot.test.context.SpringBootContextLoader', parent = [null]], attributes = map['org.springframework.test.context.web.ServletTestExecutionListener.activateListener' -> true]], class annotated with @DirtiesContext [false] with mode [null].
17:43:07.368 [main] DEBUG org.springframework.test.annotation.ProfileValueUtils - Retrieved @ProfileValueSourceConfiguration [null] for test class [enterprise.framework.AuthTest]
17:43:07.368 [main] DEBUG org.springframework.test.annotation.ProfileValueUtils - Retrieved ProfileValueSource type [class org.springframework.test.annotation.SystemProfileValueSource] for class [enterprise.framework.AuthTest]
17:43:07.386 [main] DEBUG org.springframework.core.env.StandardEnvironment - Adding PropertySource 'systemProperties' with lowest search precedence
17:43:07.386 [main] DEBUG org.springframework.core.env.StandardEnvironment - Adding PropertySource 'systemEnvironment' with lowest search precedence
17:43:07.387 [main] DEBUG org.springframework.core.env.StandardEnvironment - Initialized StandardEnvironment with PropertySources [MapPropertySource@1117519786 {name='systemProperties', properties={java.runtime.name=Java(TM) SE Runtime Environment, sun.boot.library.path=C:\Program Files\Java\jdk1.8.0_211\jre\bin, java.vm.version=25.211-b12, java.vm.vendor=Oracle Corporation, java.vendor.url=http://java.oracle.com/, path.separator=;, java.vm.name=Java HotSpot(TM) 64-Bit Server VM, file.encoding.pkg=sun.io, user.country=US, user.script=, sun.java.launcher=SUN_STANDARD, sun.os.patch.level=, java.vm.specification.name=Java Virtual Machine Specification, user.dir=D:\03_CoreProduct\02_EnterpriseSite\01_Code\EnterpriseSite Version3.0.0\01_CorePackages\enterprise.framework\06-microService\enterprise.framework.erp, java.runtime.version=1.8.0_211-b12, basedir=D:\03_CoreProduct\02_EnterpriseSite\01_Code\EnterpriseSite Version3.0.0\01_CorePackages\enterprise.framework\06-microService\enterprise.framework.erp, java.awt.graphicsenv=sun.awt.Win32GraphicsEnvironment, java.endorsed.dirs=C:\Program Files\Java\jdk1.8.0_211\jre\lib\endorsed, os.arch=amd64, surefire.real.class.path=C:\Users\ADMINI~1\AppData\Local\Temp\surefire8334986180089324435\surefirebooter2891893173833923249.jar, java.io.tmpdir=C:\Users\ADMINI~1\AppData\Local\Temp\, line.separator=
, java.vm.specification.vendor=Oracle Corporation, user.variant=, os.name=Windows 10, sun.jnu.encoding=GBK, java.library.path=C:\Program Files\Java\jdk1.8.0_211\jre\bin;C:\Windows\Sun\Java\bin;C:\Windows\system32;C:\Windows;C:\Program Files (x86)\Common Files\Oracle\Java\javapath;F:\01_Software\02_Install\05_DevelopmentTools\03_Vendor\02_Linux\01_Xshell\;C:\Windows\system32;C:\Windows;C:\Windows\System32\Wbem;C:\Windows\System32\WindowsPowerShell\v1.0\;C:\Windows\System32\OpenSSH\;C:\Program Files (x86)\Microsoft SQL Server\Client SDK\ODBC\130\Tools\Binn\;C:\Program Files (x86)\Microsoft SQL Server\140\Tools\Binn\;C:\Program Files (x86)\Microsoft SQL Server\140\DTS\Binn\;C:\Program Files (x86)\Microsoft SQL Server\140\Tools\Binn\ManagementStudio\;C:\Program Files\dotnet\;C:\Program Files\Microsoft SQL Server\130\Tools\Binn\;C:\Program Files\Microsoft SQL Server\Client SDK\ODBC\170\Tools\Binn\;C:\Program Files\Microsoft VS Code\bin;C:\Program Files\nodejs\;F:\01_Software\02_Install\06_Company\01_Vpn\bin;C:\Program Files\Java\jdk1.8.0_211\bin;C:\Program Files\Java\apache-maven-3.6.2\bin;F:\01_Software\02_Install\04_ProgramPlug-Inunit\09_GitHub\cmd;F:\01_Software\02_Install\04_ProgramPlug-Inunit\17_Yarn\bin\;C:\Users\Administrator\AppData\Local\Microsoft\WindowsApps;C:\Users\Administrator\AppData\Roaming\npm;C:\Users\Administrator\AppData\Local\GitHubDesktop\bin;C:\Users\Administrator\.dotnet\tools;C:\Users\Administrator\AppData\Local\BypassRuntm;F:\01_Software\02_Install\05_DevelopmentTools\01_BackEnd\03_Intellij Idea\bin;;C:\Users\Administrator\AppData\Local\Yarn\bin;F:\01_Software\02_Install\05_DevelopmentTools\01_BackEnd\04_C++\bin;;., surefire.test.class.path=D:\03_CoreProduct\02_EnterpriseSite\01_Code\EnterpriseSite Version3.0.0\01_CorePackages\enterprise.framework\06-microService\enterprise.framework.erp\target\test-classes;D:\03_CoreProduct\02_EnterpriseSite\01_Code\EnterpriseSite Version3.0.0\01_CorePackages\enterprise.framework\06-microService\enterprise.framework.erp\target\classes;C:\Users\Administrator\.m2\Repository\org\springframework\boot\spring-boot-configuration-processor\2.1.8.RELEASE\spring-boot-configuration-processor-2.1.8.RELEASE.jar;D:\03_CoreProduct\02_EnterpriseSite\01_Code\EnterpriseSite Version3.0.0\01_CorePackages\enterprise.framework\04-infrastructure\04.03-inside\enterprise.framework.core\target\enterprise.framework.core-1.0.1.191224-RELEASE.jar;C:\Users\Administrator\.m2\Repository\com\rabbitmq\amqp-client\5.4.3\amqp-client-5.4.3.jar;C:\Users\Administrator\.m2\Repository\ch\qos\logback\logback-classic\1.2.3\logback-classic-1.2.3.jar;C:\Users\Administrator\.m2\Repository\ch\qos\logback\logback-core\1.2.3\logback-core-1.2.3.jar;C:\Users\Administrator\.m2\Repository\io\jsonwebtoken\jjwt\0.9.0\jjwt-0.9.0.jar;C:\Users\Administrator\.m2\Repository\com\fasterxml\jackson\core\jackson-databind\2.9.8\jackson-databind-2.9.8.jar;C:\Users\Administrator\.m2\Repository\com\fasterxml\jackson\core\jackson-annotations\2.9.0\jackson-annotations-2.9.0.jar;D:\03_CoreProduct\02_EnterpriseSite\01_Code\EnterpriseSite Version3.0.0\01_CorePackages\enterprise.framework\04-infrastructure\04.03-inside\enterprise.framework.utility\target\enterprise.framework.utility-1.0.1.191224-RELEASE.jar;C:\Users\Administrator\.m2\Repository\org\bouncycastle\bcprov-jdk16\1.45\bcprov-jdk16-1.45.jar;D:\03_CoreProduct\02_EnterpriseSite\01_Code\EnterpriseSite Version3.0.0\01_CorePackages\enterprise.framework\02-application\enterprise.framework.business\target\enterprise.framework.business-1.0.0.191223-ALPHA.jar;D:\03_CoreProduct\02_EnterpriseSite\01_Code\EnterpriseSite Version3.0.0\01_CorePackages\enterprise.framework\02-application\enterprise.framework.pojo\target\enterprise.framework.pojo-1.0.0.191223-ALPHA.jar;C:\Users\Administrator\.m2\Repository\cn\hutool\hutool-all\5.1.0\hutool-all-5.1.0.jar;C:\Users\Administrator\.m2\Repository\com\fasterxml\jackson\dataformat\jackson-dataformat-yaml\2.9.8\jackson-dataformat-yaml-2.9.8.jar;C:\Users\Administrator\.m2\Repository\org\yaml\snakeyaml\1.19\snakeyaml-1.19.jar;C:\Users\Administrator\.m2\Repository\com\fasterxml\jackson\core\jackson-core\2.9.8\jackson-core-2.9.8.jar;C:\Users\Administrator\.m2\Repository\com\fasterxml\jackson\dataformat\jackson-dataformat-properties\2.9.8\jackson-dataformat-properties-2.9.8.jar;D:\03_CoreProduct\02_EnterpriseSite\01_Code\EnterpriseSite Version3.0.0\01_CorePackages\enterprise.framework\04-infrastructure\04.02-structure\enterprise.framework.service\target\enterprise.framework.service-1.0.0.191223-ALPHA.jar;D:\03_CoreProduct\02_EnterpriseSite\01_Code\EnterpriseSite Version3.0.0\01_CorePackages\enterprise.framework\03-domain\enterprise.framework.domain\target\enterprise.framework.domain-1.0.0.191223-ALPHA.jar;D:\03_CoreProduct\02_EnterpriseSite\01_Code\EnterpriseSite Version3.0.0\01_CorePackages\enterprise.framework\04-infrastructure\04.02-structure\enterprise.framework.mapper\target\enterprise.framework.mapper-1.0.0.191223-ALPHA.jar;C:\Users\Administrator\.m2\Repository\org\springframework\boot\spring-boot-starter-data-redis\2.0.8.RELEASE\spring-boot-starter-data-redis-2.0.8.RELEASE.jar;C:\Users\Administrator\.m2\Repository\org\springframework\boot\spring-boot-starter\2.0.8.RELEASE\spring-boot-starter-2.0.8.RELEASE.jar;C:\Users\Administrator\.m2\Repository\org\springframework\boot\spring-boot\2.0.8.RELEASE\spring-boot-2.0.8.RELEASE.jar;C:\Users\Administrator\.m2\Repository\org\springframework\boot\spring-boot-starter-logging\2.0.8.RELEASE\spring-boot-starter-logging-2.0.8.RELEASE.jar;C:\Users\Administrator\.m2\Repository\org\apache\logging\log4j\log4j-to-slf4j\2.10.0\log4j-to-slf4j-2.10.0.jar;C:\Users\Administrator\.m2\Repository\org\apache\logging\log4j\log4j-api\2.10.0\log4j-api-2.10.0.jar;C:\Users\Administrator\.m2\Repository\org\slf4j\jul-to-slf4j\1.7.25\jul-to-slf4j-1.7.25.jar;C:\Users\Administrator\.m2\Repository\javax\annotation\javax.annotation-api\1.3.2\javax.annotation-api-1.3.2.jar;C:\Users\Administrator\.m2\Repository\io\lettuce\lettuce-core\5.0.5.RELEASE\lettuce-core-5.0.5.RELEASE.jar;C:\Users\Administrator\.m2\Repository\io\projectreactor\reactor-core\3.1.14.RELEASE\reactor-core-3.1.14.RELEASE.jar;C:\Users\Administrator\.m2\Repository\org\reactivestreams\reactive-streams\1.0.2\reactive-streams-1.0.2.jar;C:\Users\Administrator\.m2\Repository\io\netty\netty-common\4.1.31.Final\netty-common-4.1.31.Final.jar;C:\Users\Administrator\.m2\Repository\io\netty\netty-transport\4.1.31.Final\netty-transport-4.1.31.Final.jar;C:\Users\Administrator\.m2\Repository\io\netty\netty-buffer\4.1.31.Final\netty-buffer-4.1.31.Final.jar;C:\Users\Administrator\.m2\Repository\io\netty\netty-resolver\4.1.31.Final\netty-resolver-4.1.31.Final.jar;C:\Users\Administrator\.m2\Repository\io\netty\netty-handler\4.1.31.Final\netty-handler-4.1.31.Final.jar;C:\Users\Administrator\.m2\Repository\io\netty\netty-codec\4.1.31.Final\netty-codec-4.1.31.Final.jar;C:\Users\Administrator\.m2\Repository\org\springframework\session\spring-session-data-redis\2.0.9.RELEASE\spring-session-data-redis-2.0.9.RELEASE.jar;C:\Users\Administrator\.m2\Repository\org\springframework\session\spring-session-core\2.0.9.RELEASE\spring-session-core-2.0.9.RELEASE.jar;C:\Users\Administrator\.m2\Repository\org\springframework\spring-jcl\5.0.12.RELEASE\spring-jcl-5.0.12.RELEASE.jar;C:\Users\Administrator\.m2\Repository\com\github\pagehelper\pagehelper-spring-boot-starter\1.2.5\pagehelper-spring-boot-starter-1.2.5.jar;C:\Users\Administrator\.m2\Repository\com\github\pagehelper\pagehelper-spring-boot-autoconfigure\1.2.5\pagehelper-spring-boot-autoconfigure-1.2.5.jar;C:\Users\Administrator\.m2\Repository\com\github\pagehelper\pagehelper\5.1.4\pagehelper-5.1.4.jar;C:\Users\Administrator\.m2\Repository\com\github\jsqlparser\jsqlparser\1.0\jsqlparser-1.0.jar;C:\Users\Administrator\.m2\Repository\com\alibaba\druid-spring-boot-starter\1.1.9\druid-spring-boot-starter-1.1.9.jar;C:\Users\Administrator\.m2\Repository\com\alibaba\druid\1.1.9\druid-1.1.9.jar;C:\Users\Administrator\.m2\Repository\org\slf4j\slf4j-api\1.7.25\slf4j-api-1.7.25.jar;C:\Users\Administrator\.m2\Repository\org\springframework\boot\spring-boot-autoconfigure\2.0.8.RELEASE\spring-boot-autoconfigure-2.0.8.RELEASE.jar;C:\Users\Administrator\.m2\Repository\org\springframework\boot\spring-boot-starter-web\2.0.8.RELEASE\spring-boot-starter-web-2.0.8.RELEASE.jar;C:\Users\Administrator\.m2\Repository\org\springframework\boot\spring-boot-starter-json\2.0.8.RELEASE\spring-boot-starter-json-2.0.8.RELEASE.jar;C:\Users\Administrator\.m2\Repository\com\fasterxml\jackson\datatype\jackson-datatype-jdk8\2.9.8\jackson-datatype-jdk8-2.9.8.jar;C:\Users\Administrator\.m2\Repository\com\fasterxml\jackson\datatype\jackson-datatype-jsr310\2.9.8\jackson-datatype-jsr310-2.9.8.jar;C:\Users\Administrator\.m2\Repository\com\fasterxml\jackson\module\jackson-module-parameter-names\2.9.8\jackson-module-parameter-names-2.9.8.jar;C:\Users\Administrator\.m2\Repository\org\springframework\boot\spring-boot-starter-tomcat\2.0.8.RELEASE\spring-boot-starter-tomcat-2.0.8.RELEASE.jar;C:\Users\Administrator\.m2\Repository\org\apache\tomcat\embed\tomcat-embed-core\8.5.37\tomcat-embed-core-8.5.37.jar;C:\Users\Administrator\.m2\Repository\org\apache\tomcat\embed\tomcat-embed-el\8.5.37\tomcat-embed-el-8.5.37.jar;C:\Users\Administrator\.m2\Repository\org\apache\tomcat\embed\tomcat-embed-websocket\8.5.37\tomcat-embed-websocket-8.5.37.jar;C:\Users\Administrator\.m2\Repository\org\hibernate\validator\hibernate-validator\6.0.14.Final\hibernate-validator-6.0.14.Final.jar;C:\Users\Administrator\.m2\Repository\javax\validation\validation-api\2.0.1.Final\validation-api-2.0.1.Final.jar;C:\Users\Administrator\.m2\Repository\org\jboss\logging\jboss-logging\3.3.2.Final\jboss-logging-3.3.2.Final.jar;C:\Users\Administrator\.m2\Repository\com\fasterxml\classmate\1.3.4\classmate-1.3.4.jar;C:\Users\Administrator\.m2\Repository\org\springframework\spring-web\5.0.12.RELEASE\spring-web-5.0.12.RELEASE.jar;C:\Users\Administrator\.m2\Repository\org\springframework\spring-beans\5.0.12.RELEASE\spring-beans-5.0.12.RELEASE.jar;C:\Users\Administrator\.m2\Repository\org\springframework\spring-webmvc\5.0.12.RELEASE\spring-webmvc-5.0.12.RELEASE.jar;C:\Users\Administrator\.m2\Repository\org\springframework\spring-expression\5.0.12.RELEASE\spring-expression-5.0.12.RELEASE.jar;C:\Users\Administrator\.m2\Repository\org\springframework\cloud\spring-cloud-starter-consul-discovery\2.0.0.RELEASE\spring-cloud-starter-consul-discovery-2.0.0.RELEASE.jar;C:\Users\Administrator\.m2\Repository\org\springframework\cloud\spring-cloud-starter-consul\2.0.0.RELEASE\spring-cloud-starter-consul-2.0.0.RELEASE.jar;C:\Users\Administrator\.m2\Repository\org\springframework\cloud\spring-cloud-commons\2.0.0.RELEASE\spring-cloud-commons-2.0.0.RELEASE.jar;C:\Users\Administrator\.m2\Repository\org\springframework\security\spring-security-crypto\5.0.11.RELEASE\spring-security-crypto-5.0.11.RELEASE.jar;C:\Users\Administrator\.m2\Repository\org\springframework\cloud\spring-cloud-context\2.0.0.RELEASE\spring-cloud-context-2.0.0.RELEASE.jar;C:\Users\Administrator\.m2\Repository\org\springframework\cloud\spring-cloud-consul-core\2.0.0.RELEASE\spring-cloud-consul-core-2.0.0.RELEASE.jar;C:\Users\Administrator\.m2\Repository\com\ecwid\consul\consul-api\1.3.1\consul-api-1.3.1.jar;C:\Users\Administrator\.m2\Repository\com\google\code\gson\gson\2.8.5\gson-2.8.5.jar;C:\Users\Administrator\.m2\Repository\org\apache\httpcomponents\httpclient\4.5.6\httpclient-4.5.6.jar;C:\Users\Administrator\.m2\Repository\commons-codec\commons-codec\1.11\commons-codec-1.11.jar;C:\Users\Administrator\.m2\Repository\org\apache\httpcomponents\httpcore\4.4.10\httpcore-4.4.10.jar;C:\Users\Administrator\.m2\Repository\org\springframework\cloud\spring-cloud-consul-discovery\2.0.0.RELEASE\spring-cloud-consul-discovery-2.0.0.RELEASE.jar;C:\Users\Administrator\.m2\Repository\commons-configuration\commons-configuration\1.8\commons-configuration-1.8.jar;C:\Users\Administrator\.m2\Repository\commons-lang\commons-lang\2.6\commons-lang-2.6.jar;C:\Users\Administrator\.m2\Repository\org\springframework\cloud\spring-cloud-netflix-core\2.0.0.RELEASE\spring-cloud-netflix-core-2.0.0.RELEASE.jar;C:\Users\Administrator\.m2\Repository\org\springframework\cloud\spring-cloud-starter-netflix-ribbon\2.0.0.RELEASE\spring-cloud-starter-netflix-ribbon-2.0.0.RELEASE.jar;C:\Users\Administrator\.m2\Repository\org\springframework\cloud\spring-cloud-starter\2.0.0.RELEASE\spring-cloud-starter-2.0.0.RELEASE.jar;C:\Users\Administrator\.m2\Repository\org\springframework\security\spring-security-rsa\1.0.5.RELEASE\spring-security-rsa-1.0.5.RELEASE.jar;C:\Users\Administrator\.m2\Repository\org\bouncycastle\bcpkix-jdk15on\1.56\bcpkix-jdk15on-1.56.jar;C:\Users\Administrator\.m2\Repository\org\bouncycastle\bcprov-jdk15on\1.56\bcprov-jdk15on-1.56.jar;C:\Users\Administrator\.m2\Repository\org\springframework\cloud\spring-cloud-netflix-ribbon\2.0.0.RELEASE\spring-cloud-netflix-ribbon-2.0.0.RELEASE.jar;C:\Users\Administrator\.m2\Repository\org\springframework\cloud\spring-cloud-netflix-archaius\2.0.0.RELEASE\spring-cloud-netflix-archaius-2.0.0.RELEASE.jar;C:\Users\Administrator\.m2\Repository\org\springframework\cloud\spring-cloud-starter-netflix-archaius\2.0.0.RELEASE\spring-cloud-starter-netflix-archaius-2.0.0.RELEASE.jar;C:\Users\Administrator\.m2\Repository\com\netflix\archaius\archaius-core\0.7.6\archaius-core-0.7.6.jar;C:\Users\Administrator\.m2\Repository\com\google\code\findbugs\jsr305\3.0.1\jsr305-3.0.1.jar;C:\Users\Administrator\.m2\Repository\com\netflix\ribbon\ribbon\2.2.5\ribbon-2.2.5.jar;C:\Users\Administrator\.m2\Repository\com\netflix\ribbon\ribbon-transport\2.2.5\ribbon-transport-2.2.5.jar;C:\Users\Administrator\.m2\Repository\io\reactivex\rxnetty-contexts\0.4.9\rxnetty-contexts-0.4.9.jar;C:\Users\Administrator\.m2\Repository\io\reactivex\rxnetty-servo\0.4.9\rxnetty-servo-0.4.9.jar;C:\Users\Administrator\.m2\Repository\com\netflix\hystrix\hystrix-core\1.5.12\hystrix-core-1.5.12.jar;C:\Users\Administrator\.m2\Repository\org\hdrhistogram\HdrHistogram\2.1.9\HdrHistogram-2.1.9.jar;C:\Users\Administrator\.m2\Repository\javax\inject\javax.inject\1\javax.inject-1.jar;C:\Users\Administrator\.m2\Repository\io\reactivex\rxnetty\0.4.9\rxnetty-0.4.9.jar;C:\Users\Administrator\.m2\Repository\io\netty\netty-transport-native-epoll\4.1.31.Final\netty-transport-native-epoll-4.1.31.Final.jar;C:\Users\Administrator\.m2\Repository\com\google\guava\guava\16.0.1\guava-16.0.1.jar;C:\Users\Administrator\.m2\Repository\com\netflix\ribbon\ribbon-core\2.2.5\ribbon-core-2.2.5.jar;C:\Users\Administrator\.m2\Repository\com\netflix\ribbon\ribbon-httpclient\2.2.5\ribbon-httpclient-2.2.5.jar;C:\Users\Administrator\.m2\Repository\commons-collections\commons-collections\3.2.2\commons-collections-3.2.2.jar;C:\Users\Administrator\.m2\Repository\com\sun\jersey\jersey-client\1.19.1\jersey-client-1.19.1.jar;C:\Users\Administrator\.m2\Repository\com\sun\jersey\jersey-core\1.19.1\jersey-core-1.19.1.jar;C:\Users\Administrator\.m2\Repository\javax\ws\rs\jsr311-api\1.1.1\jsr311-api-1.1.1.jar;C:\Users\Administrator\.m2\Repository\com\sun\jersey\contribs\jersey-apache-client4\1.19.1\jersey-apache-client4-1.19.1.jar;C:\Users\Administrator\.m2\Repository\com\netflix\servo\servo-core\0.12.21\servo-core-0.12.21.jar;C:\Users\Administrator\.m2\Repository\com\netflix\netflix-commons\netflix-commons-util\0.3.0\netflix-commons-util-0.3.0.jar;C:\Users\Administrator\.m2\Repository\com\netflix\ribbon\ribbon-loadbalancer\2.2.5\ribbon-loadbalancer-2.2.5.jar;C:\Users\Administrator\.m2\Repository\com\netflix\netflix-commons\netflix-statistics\0.1.1\netflix-statistics-0.1.1.jar;C:\Users\Administrator\.m2\Repository\io\reactivex\rxjava\1.3.8\rxjava-1.3.8.jar;C:\Users\Administrator\.m2\Repository\joda-time\joda-time\2.9.9\joda-time-2.9.9.jar;C:\Users\Administrator\.m2\Repository\org\springframework\boot\spring-boot-starter-webflux\2.0.8.RELEASE\spring-boot-starter-webflux-2.0.8.RELEASE.jar;C:\Users\Administrator\.m2\Repository\org\springframework\boot\spring-boot-starter-reactor-netty\2.0.8.RELEASE\spring-boot-starter-reactor-netty-2.0.8.RELEASE.jar;C:\Users\Administrator\.m2\Repository\io\projectreactor\ipc\reactor-netty\0.7.14.RELEASE\reactor-netty-0.7.14.RELEASE.jar;C:\Users\Administrator\.m2\Repository\io\netty\netty-codec-http\4.1.31.Final\netty-codec-http-4.1.31.Final.jar;C:\Users\Administrator\.m2\Repository\io\netty\netty-handler-proxy\4.1.31.Final\netty-handler-proxy-4.1.31.Final.jar;C:\Users\Administrator\.m2\Repository\io\netty\netty-codec-socks\4.1.31.Final\netty-codec-socks-4.1.31.Final.jar;C:\Users\Administrator\.m2\Repository\io\netty\netty-transport-native-epoll\4.1.31.Final\netty-transport-native-epoll-4.1.31.Final-linux-x86_64.jar;C:\Users\Administrator\.m2\Repository\io\netty\netty-transport-native-unix-common\4.1.31.Final\netty-transport-native-unix-common-4.1.31.Final.jar;C:\Users\Administrator\.m2\Repository\org\springframework\spring-webflux\5.0.12.RELEASE\spring-webflux-5.0.12.RELEASE.jar;C:\Users\Administrator\.m2\Repository\org\synchronoss\cloud\nio-multipart-parser\1.1.0\nio-multipart-parser-1.1.0.jar;C:\Users\Administrator\.m2\Repository\org\synchronoss\cloud\nio-stream-storage\1.1.3\nio-stream-storage-1.1.3.jar;C:\Users\Administrator\.m2\Repository\org\springframework\boot\spring-boot-starter-test\2.0.8.RELEASE\spring-boot-starter-test-2.0.8.RELEASE.jar;C:\Users\Administrator\.m2\Repository\org\springframework\boot\spring-boot-test\2.0.8.RELEASE\spring-boot-test-2.0.8.RELEASE.jar;C:\Users\Administrator\.m2\Repository\org\springframework\boot\spring-boot-test-autoconfigure\2.0.8.RELEASE\spring-boot-test-autoconfigure-2.0.8.RELEASE.jar;C:\Users\Administrator\.m2\Repository\com\jayway\jsonpath\json-path\2.4.0\json-path-2.4.0.jar;C:\Users\Administrator\.m2\Repository\net\minidev\json-smart\2.3\json-smart-2.3.jar;C:\Users\Administrator\.m2\Repository\net\minidev\accessors-smart\1.2\accessors-smart-1.2.jar;C:\Users\Administrator\.m2\Repository\org\ow2\asm\asm\5.0.4\asm-5.0.4.jar;C:\Users\Administrator\.m2\Repository\junit\junit\4.12\junit-4.12.jar;C:\Users\Administrator\.m2\Repository\org\assertj\assertj-core\3.9.1\assertj-core-3.9.1.jar;C:\Users\Administrator\.m2\Repository\org\mockito\mockito-core\2.15.0\mockito-core-2.15.0.jar;C:\Users\Administrator\.m2\Repository\net\bytebuddy\byte-buddy\1.7.11\byte-buddy-1.7.11.jar;C:\Users\Administrator\.m2\Repository\net\bytebuddy\byte-buddy-agent\1.7.11\byte-buddy-agent-1.7.11.jar;C:\Users\Administrator\.m2\Repository\org\objenesis\objenesis\2.6\objenesis-2.6.jar;C:\Users\Administrator\.m2\Repository\org\hamcrest\hamcrest-core\1.3\hamcrest-core-1.3.jar;C:\Users\Administrator\.m2\Repository\org\hamcrest\hamcrest-library\1.3\hamcrest-library-1.3.jar;C:\Users\Administrator\.m2\Repository\org\skyscreamer\jsonassert\1.5.0\jsonassert-1.5.0.jar;C:\Users\Administrator\.m2\Repository\com\vaadin\external\google\android-json\0.0.20131108.vaadin1\android-json-0.0.20131108.vaadin1.jar;C:\Users\Administrator\.m2\Repository\org\springframework\spring-core\5.0.12.RELEASE\spring-core-5.0.12.RELEASE.jar;C:\Users\Administrator\.m2\Repository\org\springframework\spring-test\5.0.12.RELEASE\spring-test-5.0.12.RELEASE.jar;C:\Users\Administrator\.m2\Repository\org\xmlunit\xmlunit-core\2.5.1\xmlunit-core-2.5.1.jar;C:\Users\Administrator\.m2\Repository\tk\mybatis\mapper\4.1.5\mapper-4.1.5.jar;C:\Users\Administrator\.m2\Repository\javax\persistence\persistence-api\1.0\persistence-api-1.0.jar;C:\Users\Administrator\.m2\Repository\mysql\mysql-connector-java\8.0.18\mysql-connector-java-8.0.18.jar;C:\Users\Administrator\.m2\Repository\com\google\protobuf\protobuf-java\3.6.1\protobuf-java-3.6.1.jar;C:\Users\Administrator\.m2\Repository\org\mybatis\spring\boot\mybatis-spring-boot-starter\1.3.2\mybatis-spring-boot-starter-1.3.2.jar;C:\Users\Administrator\.m2\Repository\org\springframework\boot\spring-boot-starter-jdbc\2.0.8.RELEASE\spring-boot-starter-jdbc-2.0.8.RELEASE.jar;C:\Users\Administrator\.m2\Repository\com\zaxxer\HikariCP\2.7.9\HikariCP-2.7.9.jar;C:\Users\Administrator\.m2\Repository\org\springframework\spring-jdbc\5.0.12.RELEASE\spring-jdbc-5.0.12.RELEASE.jar;C:\Users\Administrator\.m2\Repository\org\mybatis\spring\boot\mybatis-spring-boot-autoconfigure\1.3.2\mybatis-spring-boot-autoconfigure-1.3.2.jar;C:\Users\Administrator\.m2\Repository\org\mybatis\mybatis\3.4.6\mybatis-3.4.6.jar;C:\Users\Administrator\.m2\Repository\org\mybatis\mybatis-spring\1.3.2\mybatis-spring-1.3.2.jar;C:\Users\Administrator\.m2\Repository\org\springframework\boot\spring-boot-starter-cache\2.0.8.RELEASE\spring-boot-starter-cache-2.0.8.RELEASE.jar;C:\Users\Administrator\.m2\Repository\org\springframework\spring-context\5.0.12.RELEASE\spring-context-5.0.12.RELEASE.jar;C:\Users\Administrator\.m2\Repository\org\springframework\spring-context-support\5.0.12.RELEASE\spring-context-support-5.0.12.RELEASE.jar;C:\Users\Administrator\.m2\Repository\redis\clients\jedis\2.9.0\jedis-2.9.0.jar;C:\Users\Administrator\.m2\Repository\org\apache\commons\commons-pool2\2.5.0\commons-pool2-2.5.0.jar;C:\Users\Administrator\.m2\Repository\org\springframework\data\spring-data-redis\2.0.10.RELEASE\spring-data-redis-2.0.10.RELEASE.jar;C:\Users\Administrator\.m2\Repository\org\springframework\data\spring-data-keyvalue\2.0.13.RELEASE\spring-data-keyvalue-2.0.13.RELEASE.jar;C:\Users\Administrator\.m2\Repository\org\springframework\data\spring-data-commons\2.0.13.RELEASE\spring-data-commons-2.0.13.RELEASE.jar;C:\Users\Administrator\.m2\Repository\org\springframework\spring-tx\5.0.12.RELEASE\spring-tx-5.0.12.RELEASE.jar;C:\Users\Administrator\.m2\Repository\org\springframework\spring-oxm\5.0.12.RELEASE\spring-oxm-5.0.12.RELEASE.jar;C:\Users\Administrator\.m2\Repository\org\springframework\spring-aop\5.0.12.RELEASE\spring-aop-5.0.12.RELEASE.jar;C:\Users\Administrator\.m2\Repository\com\alibaba\fastjson\1.2.37\fastjson-1.2.37.jar;C:\Users\Administrator\.m2\Repository\org\springframework\boot\spring-boot-starter-aop\2.0.8.RELEASE\spring-boot-starter-aop-2.0.8.RELEASE.jar;C:\Users\Administrator\.m2\Repository\org\aspectj\aspectjweaver\1.8.13\aspectjweaver-1.8.13.jar;, java.specification.name=Java Platform API Specification, java.class.version=52.0, sun.management.compiler=HotSpot 64-Bit Tiered Compilers, os.version=10.0, user.home=C:\Users\Administrator, user.timezone=Asia/Shanghai, java.awt.printerjob=sun.awt.windows.WPrinterJob, file.encoding=GBK, java.specification.version=1.8, idea.version2019.2.4=true, java.class.path=D:\03_CoreProduct\02_EnterpriseSite\01_Code\EnterpriseSite Version3.0.0\01_CorePackages\enterprise.framework\06-microService\enterprise.framework.erp\target\test-classes;D:\03_CoreProduct\02_EnterpriseSite\01_Code\EnterpriseSite Version3.0.0\01_CorePackages\enterprise.framework\06-microService\enterprise.framework.erp\target\classes;C:\Users\Administrator\.m2\Repository\org\springframework\boot\spring-boot-configuration-processor\2.1.8.RELEASE\spring-boot-configuration-processor-2.1.8.RELEASE.jar;D:\03_CoreProduct\02_EnterpriseSite\01_Code\EnterpriseSite Version3.0.0\01_CorePackages\enterprise.framework\04-infrastructure\04.03-inside\enterprise.framework.core\target\enterprise.framework.core-1.0.1.191224-RELEASE.jar;C:\Users\Administrator\.m2\Repository\com\rabbitmq\amqp-client\5.4.3\amqp-client-5.4.3.jar;C:\Users\Administrator\.m2\Repository\ch\qos\logback\logback-classic\1.2.3\logback-classic-1.2.3.jar;C:\Users\Administrator\.m2\Repository\ch\qos\logback\logback-core\1.2.3\logback-core-1.2.3.jar;C:\Users\Administrator\.m2\Repository\io\jsonwebtoken\jjwt\0.9.0\jjwt-0.9.0.jar;C:\Users\Administrator\.m2\Repository\com\fasterxml\jackson\core\jackson-databind\2.9.8\jackson-databind-2.9.8.jar;C:\Users\Administrator\.m2\Repository\com\fasterxml\jackson\core\jackson-annotations\2.9.0\jackson-annotations-2.9.0.jar;D:\03_CoreProduct\02_EnterpriseSite\01_Code\EnterpriseSite Version3.0.0\01_CorePackages\enterprise.framework\04-infrastructure\04.03-inside\enterprise.framework.utility\target\enterprise.framework.utility-1.0.1.191224-RELEASE.jar;C:\Users\Administrator\.m2\Repository\org\bouncycastle\bcprov-jdk16\1.45\bcprov-jdk16-1.45.jar;D:\03_CoreProduct\02_EnterpriseSite\01_Code\EnterpriseSite Version3.0.0\01_CorePackages\enterprise.framework\02-application\enterprise.framework.business\target\enterprise.framework.business-1.0.0.191223-ALPHA.jar;D:\03_CoreProduct\02_EnterpriseSite\01_Code\EnterpriseSite Version3.0.0\01_CorePackages\enterprise.framework\02-application\enterprise.framework.pojo\target\enterprise.framework.pojo-1.0.0.191223-ALPHA.jar;C:\Users\Administrator\.m2\Repository\cn\hutool\hutool-all\5.1.0\hutool-all-5.1.0.jar;C:\Users\Administrator\.m2\Repository\com\fasterxml\jackson\dataformat\jackson-dataformat-yaml\2.9.8\jackson-dataformat-yaml-2.9.8.jar;C:\Users\Administrator\.m2\Repository\org\yaml\snakeyaml\1.19\snakeyaml-1.19.jar;C:\Users\Administrator\.m2\Repository\com\fasterxml\jackson\core\jackson-core\2.9.8\jackson-core-2.9.8.jar;C:\Users\Administrator\.m2\Repository\com\fasterxml\jackson\dataformat\jackson-dataformat-properties\2.9.8\jackson-dataformat-properties-2.9.8.jar;D:\03_CoreProduct\02_EnterpriseSite\01_Code\EnterpriseSite Version3.0.0\01_CorePackages\enterprise.framework\04-infrastructure\04.02-structure\enterprise.framework.service\target\enterprise.framework.service-1.0.0.191223-ALPHA.jar;D:\03_CoreProduct\02_EnterpriseSite\01_Code\EnterpriseSite Version3.0.0\01_CorePackages\enterprise.framework\03-domain\enterprise.framework.domain\target\enterprise.framework.domain-1.0.0.191223-ALPHA.jar;D:\03_CoreProduct\02_EnterpriseSite\01_Code\EnterpriseSite Version3.0.0\01_CorePackages\enterprise.framework\04-infrastructure\04.02-structure\enterprise.framework.mapper\target\enterprise.framework.mapper-1.0.0.191223-ALPHA.jar;C:\Users\Administrator\.m2\Repository\org\springframework\boot\spring-boot-starter-data-redis\2.0.8.RELEASE\spring-boot-starter-data-redis-2.0.8.RELEASE.jar;C:\Users\Administrator\.m2\Repository\org\springframework\boot\spring-boot-starter\2.0.8.RELEASE\spring-boot-starter-2.0.8.RELEASE.jar;C:\Users\Administrator\.m2\Repository\org\springframework\boot\spring-boot\2.0.8.RELEASE\spring-boot-2.0.8.RELEASE.jar;C:\Users\Administrator\.m2\Repository\org\springframework\boot\spring-boot-starter-logging\2.0.8.RELEASE\spring-boot-starter-logging-2.0.8.RELEASE.jar;C:\Users\Administrator\.m2\Repository\org\apache\logging\log4j\log4j-to-slf4j\2.10.0\log4j-to-slf4j-2.10.0.jar;C:\Users\Administrator\.m2\Repository\org\apache\logging\log4j\log4j-api\2.10.0\log4j-api-2.10.0.jar;C:\Users\Administrator\.m2\Repository\org\slf4j\jul-to-slf4j\1.7.25\jul-to-slf4j-1.7.25.jar;C:\Users\Administrator\.m2\Repository\javax\annotation\javax.annotation-api\1.3.2\javax.annotation-api-1.3.2.jar;C:\Users\Administrator\.m2\Repository\io\lettuce\lettuce-core\5.0.5.RELEASE\lettuce-core-5.0.5.RELEASE.jar;C:\Users\Administrator\.m2\Repository\io\projectreactor\reactor-core\3.1.14.RELEASE\reactor-core-3.1.14.RELEASE.jar;C:\Users\Administrator\.m2\Repository\org\reactivestreams\reactive-streams\1.0.2\reactive-streams-1.0.2.jar;C:\Users\Administrator\.m2\Repository\io\netty\netty-common\4.1.31.Final\netty-common-4.1.31.Final.jar;C:\Users\Administrator\.m2\Repository\io\netty\netty-transport\4.1.31.Final\netty-transport-4.1.31.Final.jar;C:\Users\Administrator\.m2\Repository\io\netty\netty-buffer\4.1.31.Final\netty-buffer-4.1.31.Final.jar;C:\Users\Administrator\.m2\Repository\io\netty\netty-resolver\4.1.31.Final\netty-resolver-4.1.31.Final.jar;C:\Users\Administrator\.m2\Repository\io\netty\netty-handler\4.1.31.Final\netty-handler-4.1.31.Final.jar;C:\Users\Administrator\.m2\Repository\io\netty\netty-codec\4.1.31.Final\netty-codec-4.1.31.Final.jar;C:\Users\Administrator\.m2\Repository\org\springframework\session\spring-session-data-redis\2.0.9.RELEASE\spring-session-data-redis-2.0.9.RELEASE.jar;C:\Users\Administrator\.m2\Repository\org\springframework\session\spring-session-core\2.0.9.RELEASE\spring-session-core-2.0.9.RELEASE.jar;C:\Users\Administrator\.m2\Repository\org\springframework\spring-jcl\5.0.12.RELEASE\spring-jcl-5.0.12.RELEASE.jar;C:\Users\Administrator\.m2\Repository\com\github\pagehelper\pagehelper-spring-boot-starter\1.2.5\pagehelper-spring-boot-starter-1.2.5.jar;C:\Users\Administrator\.m2\Repository\com\github\pagehelper\pagehelper-spring-boot-autoconfigure\1.2.5\pagehelper-spring-boot-autoconfigure-1.2.5.jar;C:\Users\Administrator\.m2\Repository\com\github\pagehelper\pagehelper\5.1.4\pagehelper-5.1.4.jar;C:\Users\Administrator\.m2\Repository\com\github\jsqlparser\jsqlparser\1.0\jsqlparser-1.0.jar;C:\Users\Administrator\.m2\Repository\com\alibaba\druid-spring-boot-starter\1.1.9\druid-spring-boot-starter-1.1.9.jar;C:\Users\Administrator\.m2\Repository\com\alibaba\druid\1.1.9\druid-1.1.9.jar;C:\Users\Administrator\.m2\Repository\org\slf4j\slf4j-api\1.7.25\slf4j-api-1.7.25.jar;C:\Users\Administrator\.m2\Repository\org\springframework\boot\spring-boot-autoconfigure\2.0.8.RELEASE\spring-boot-autoconfigure-2.0.8.RELEASE.jar;C:\Users\Administrator\.m2\Repository\org\springframework\boot\spring-boot-starter-web\2.0.8.RELEASE\spring-boot-starter-web-2.0.8.RELEASE.jar;C:\Users\Administrator\.m2\Repository\org\springframework\boot\spring-boot-starter-json\2.0.8.RELEASE\spring-boot-starter-json-2.0.8.RELEASE.jar;C:\Users\Administrator\.m2\Repository\com\fasterxml\jackson\datatype\jackson-datatype-jdk8\2.9.8\jackson-datatype-jdk8-2.9.8.jar;C:\Users\Administrator\.m2\Repository\com\fasterxml\jackson\datatype\jackson-datatype-jsr310\2.9.8\jackson-datatype-jsr310-2.9.8.jar;C:\Users\Administrator\.m2\Repository\com\fasterxml\jackson\module\jackson-module-parameter-names\2.9.8\jackson-module-parameter-names-2.9.8.jar;C:\Users\Administrator\.m2\Repository\org\springframework\boot\spring-boot-starter-tomcat\2.0.8.RELEASE\spring-boot-starter-tomcat-2.0.8.RELEASE.jar;C:\Users\Administrator\.m2\Repository\org\apache\tomcat\embed\tomcat-embed-core\8.5.37\tomcat-embed-core-8.5.37.jar;C:\Users\Administrator\.m2\Repository\org\apache\tomcat\embed\tomcat-embed-el\8.5.37\tomcat-embed-el-8.5.37.jar;C:\Users\Administrator\.m2\Repository\org\apache\tomcat\embed\tomcat-embed-websocket\8.5.37\tomcat-embed-websocket-8.5.37.jar;C:\Users\Administrator\.m2\Repository\org\hibernate\validator\hibernate-validator\6.0.14.Final\hibernate-validator-6.0.14.Final.jar;C:\Users\Administrator\.m2\Repository\javax\validation\validation-api\2.0.1.Final\validation-api-2.0.1.Final.jar;C:\Users\Administrator\.m2\Repository\org\jboss\logging\jboss-logging\3.3.2.Final\jboss-logging-3.3.2.Final.jar;C:\Users\Administrator\.m2\Repository\com\fasterxml\classmate\1.3.4\classmate-1.3.4.jar;C:\Users\Administrator\.m2\Repository\org\springframework\spring-web\5.0.12.RELEASE\spring-web-5.0.12.RELEASE.jar;C:\Users\Administrator\.m2\Repository\org\springframework\spring-beans\5.0.12.RELEASE\spring-beans-5.0.12.RELEASE.jar;C:\Users\Administrator\.m2\Repository\org\springframework\spring-webmvc\5.0.12.RELEASE\spring-webmvc-5.0.12.RELEASE.jar;C:\Users\Administrator\.m2\Repository\org\springframework\spring-expression\5.0.12.RELEASE\spring-expression-5.0.12.RELEASE.jar;C:\Users\Administrator\.m2\Repository\org\springframework\cloud\spring-cloud-starter-consul-discovery\2.0.0.RELEASE\spring-cloud-starter-consul-discovery-2.0.0.RELEASE.jar;C:\Users\Administrator\.m2\Repository\org\springframework\cloud\spring-cloud-starter-consul\2.0.0.RELEASE\spring-cloud-starter-consul-2.0.0.RELEASE.jar;C:\Users\Administrator\.m2\Repository\org\springframework\cloud\spring-cloud-commons\2.0.0.RELEASE\spring-cloud-commons-2.0.0.RELEASE.jar;C:\Users\Administrator\.m2\Repository\org\springframework\security\spring-security-crypto\5.0.11.RELEASE\spring-security-crypto-5.0.11.RELEASE.jar;C:\Users\Administrator\.m2\Repository\org\springframework\cloud\spring-cloud-context\2.0.0.RELEASE\spring-cloud-context-2.0.0.RELEASE.jar;C:\Users\Administrator\.m2\Repository\org\springframework\cloud\spring-cloud-consul-core\2.0.0.RELEASE\spring-cloud-consul-core-2.0.0.RELEASE.jar;C:\Users\Administrator\.m2\Repository\com\ecwid\consul\consul-api\1.3.1\consul-api-1.3.1.jar;C:\Users\Administrator\.m2\Repository\com\google\code\gson\gson\2.8.5\gson-2.8.5.jar;C:\Users\Administrator\.m2\Repository\org\apache\httpcomponents\httpclient\4.5.6\httpclient-4.5.6.jar;C:\Users\Administrator\.m2\Repository\commons-codec\commons-codec\1.11\commons-codec-1.11.jar;C:\Users\Administrator\.m2\Repository\org\apache\httpcomponents\httpcore\4.4.10\httpcore-4.4.10.jar;C:\Users\Administrator\.m2\Repository\org\springframework\cloud\spring-cloud-consul-discovery\2.0.0.RELEASE\spring-cloud-consul-discovery-2.0.0.RELEASE.jar;C:\Users\Administrator\.m2\Repository\commons-configuration\commons-configuration\1.8\commons-configuration-1.8.jar;C:\Users\Administrator\.m2\Repository\commons-lang\commons-lang\2.6\commons-lang-2.6.jar;C:\Users\Administrator\.m2\Repository\org\springframework\cloud\spring-cloud-netflix-core\2.0.0.RELEASE\spring-cloud-netflix-core-2.0.0.RELEASE.jar;C:\Users\Administrator\.m2\Repository\org\springframework\cloud\spring-cloud-starter-netflix-ribbon\2.0.0.RELEASE\spring-cloud-starter-netflix-ribbon-2.0.0.RELEASE.jar;C:\Users\Administrator\.m2\Repository\org\springframework\cloud\spring-cloud-starter\2.0.0.RELEASE\spring-cloud-starter-2.0.0.RELEASE.jar;C:\Users\Administrator\.m2\Repository\org\springframework\security\spring-security-rsa\1.0.5.RELEASE\spring-security-rsa-1.0.5.RELEASE.jar;C:\Users\Administrator\.m2\Repository\org\bouncycastle\bcpkix-jdk15on\1.56\bcpkix-jdk15on-1.56.jar;C:\Users\Administrator\.m2\Repository\org\bouncycastle\bcprov-jdk15on\1.56\bcprov-jdk15on-1.56.jar;C:\Users\Administrator\.m2\Repository\org\springframework\cloud\spring-cloud-netflix-ribbon\2.0.0.RELEASE\spring-cloud-netflix-ribbon-2.0.0.RELEASE.jar;C:\Users\Administrator\.m2\Repository\org\springframework\cloud\spring-cloud-netflix-archaius\2.0.0.RELEASE\spring-cloud-netflix-archaius-2.0.0.RELEASE.jar;C:\Users\Administrator\.m2\Repository\org\springframework\cloud\spring-cloud-starter-netflix-archaius\2.0.0.RELEASE\spring-cloud-starter-netflix-archaius-2.0.0.RELEASE.jar;C:\Users\Administrator\.m2\Repository\com\netflix\archaius\archaius-core\0.7.6\archaius-core-0.7.6.jar;C:\Users\Administrator\.m2\Repository\com\google\code\findbugs\jsr305\3.0.1\jsr305-3.0.1.jar;C:\Users\Administrator\.m2\Repository\com\netflix\ribbon\ribbon\2.2.5\ribbon-2.2.5.jar;C:\Users\Administrator\.m2\Repository\com\netflix\ribbon\ribbon-transport\2.2.5\ribbon-transport-2.2.5.jar;C:\Users\Administrator\.m2\Repository\io\reactivex\rxnetty-contexts\0.4.9\rxnetty-contexts-0.4.9.jar;C:\Users\Administrator\.m2\Repository\io\reactivex\rxnetty-servo\0.4.9\rxnetty-servo-0.4.9.jar;C:\Users\Administrator\.m2\Repository\com\netflix\hystrix\hystrix-core\1.5.12\hystrix-core-1.5.12.jar;C:\Users\Administrator\.m2\Repository\org\hdrhistogram\HdrHistogram\2.1.9\HdrHistogram-2.1.9.jar;C:\Users\Administrator\.m2\Repository\javax\inject\javax.inject\1\javax.inject-1.jar;C:\Users\Administrator\.m2\Repository\io\reactivex\rxnetty\0.4.9\rxnetty-0.4.9.jar;C:\Users\Administrator\.m2\Repository\io\netty\netty-transport-native-epoll\4.1.31.Final\netty-transport-native-epoll-4.1.31.Final.jar;C:\Users\Administrator\.m2\Repository\com\google\guava\guava\16.0.1\guava-16.0.1.jar;C:\Users\Administrator\.m2\Repository\com\netflix\ribbon\ribbon-core\2.2.5\ribbon-core-2.2.5.jar;C:\Users\Administrator\.m2\Repository\com\netflix\ribbon\ribbon-httpclient\2.2.5\ribbon-httpclient-2.2.5.jar;C:\Users\Administrator\.m2\Repository\commons-collections\commons-collections\3.2.2\commons-collections-3.2.2.jar;C:\Users\Administrator\.m2\Repository\com\sun\jersey\jersey-client\1.19.1\jersey-client-1.19.1.jar;C:\Users\Administrator\.m2\Repository\com\sun\jersey\jersey-core\1.19.1\jersey-core-1.19.1.jar;C:\Users\Administrator\.m2\Repository\javax\ws\rs\jsr311-api\1.1.1\jsr311-api-1.1.1.jar;C:\Users\Administrator\.m2\Repository\com\sun\jersey\contribs\jersey-apache-client4\1.19.1\jersey-apache-client4-1.19.1.jar;C:\Users\Administrator\.m2\Repository\com\netflix\servo\servo-core\0.12.21\servo-core-0.12.21.jar;C:\Users\Administrator\.m2\Repository\com\netflix\netflix-commons\netflix-commons-util\0.3.0\netflix-commons-util-0.3.0.jar;C:\Users\Administrator\.m2\Repository\com\netflix\ribbon\ribbon-loadbalancer\2.2.5\ribbon-loadbalancer-2.2.5.jar;C:\Users\Administrator\.m2\Repository\com\netflix\netflix-commons\netflix-statistics\0.1.1\netflix-statistics-0.1.1.jar;C:\Users\Administrator\.m2\Repository\io\reactivex\rxjava\1.3.8\rxjava-1.3.8.jar;C:\Users\Administrator\.m2\Repository\joda-time\joda-time\2.9.9\joda-time-2.9.9.jar;C:\Users\Administrator\.m2\Repository\org\springframework\boot\spring-boot-starter-webflux\2.0.8.RELEASE\spring-boot-starter-webflux-2.0.8.RELEASE.jar;C:\Users\Administrator\.m2\Repository\org\springframework\boot\spring-boot-starter-reactor-netty\2.0.8.RELEASE\spring-boot-starter-reactor-netty-2.0.8.RELEASE.jar;C:\Users\Administrator\.m2\Repository\io\projectreactor\ipc\reactor-netty\0.7.14.RELEASE\reactor-netty-0.7.14.RELEASE.jar;C:\Users\Administrator\.m2\Repository\io\netty\netty-codec-http\4.1.31.Final\netty-codec-http-4.1.31.Final.jar;C:\Users\Administrator\.m2\Repository\io\netty\netty-handler-proxy\4.1.31.Final\netty-handler-proxy-4.1.31.Final.jar;C:\Users\Administrator\.m2\Repository\io\netty\netty-codec-socks\4.1.31.Final\netty-codec-socks-4.1.31.Final.jar;C:\Users\Administrator\.m2\Repository\io\netty\netty-transport-native-epoll\4.1.31.Final\netty-transport-native-epoll-4.1.31.Final-linux-x86_64.jar;C:\Users\Administrator\.m2\Repository\io\netty\netty-transport-native-unix-common\4.1.31.Final\netty-transport-native-unix-common-4.1.31.Final.jar;C:\Users\Administrator\.m2\Repository\org\springframework\spring-webflux\5.0.12.RELEASE\spring-webflux-5.0.12.RELEASE.jar;C:\Users\Administrator\.m2\Repository\org\synchronoss\cloud\nio-multipart-parser\1.1.0\nio-multipart-parser-1.1.0.jar;C:\Users\Administrator\.m2\Repository\org\synchronoss\cloud\nio-stream-storage\1.1.3\nio-stream-storage-1.1.3.jar;C:\Users\Administrator\.m2\Repository\org\springframework\boot\spring-boot-starter-test\2.0.8.RELEASE\spring-boot-starter-test-2.0.8.RELEASE.jar;C:\Users\Administrator\.m2\Repository\org\springframework\boot\spring-boot-test\2.0.8.RELEASE\spring-boot-test-2.0.8.RELEASE.jar;C:\Users\Administrator\.m2\Repository\org\springframework\boot\spring-boot-test-autoconfigure\2.0.8.RELEASE\spring-boot-test-autoconfigure-2.0.8.RELEASE.jar;C:\Users\Administrator\.m2\Repository\com\jayway\jsonpath\json-path\2.4.0\json-path-2.4.0.jar;C:\Users\Administrator\.m2\Repository\net\minidev\json-smart\2.3\json-smart-2.3.jar;C:\Users\Administrator\.m2\Repository\net\minidev\accessors-smart\1.2\accessors-smart-1.2.jar;C:\Users\Administrator\.m2\Repository\org\ow2\asm\asm\5.0.4\asm-5.0.4.jar;C:\Users\Administrator\.m2\Repository\junit\junit\4.12\junit-4.12.jar;C:\Users\Administrator\.m2\Repository\org\assertj\assertj-core\3.9.1\assertj-core-3.9.1.jar;C:\Users\Administrator\.m2\Repository\org\mockito\mockito-core\2.15.0\mockito-core-2.15.0.jar;C:\Users\Administrator\.m2\Repository\net\bytebuddy\byte-buddy\1.7.11\byte-buddy-1.7.11.jar;C:\Users\Administrator\.m2\Repository\net\bytebuddy\byte-buddy-agent\1.7.11\byte-buddy-agent-1.7.11.jar;C:\Users\Administrator\.m2\Repository\org\objenesis\objenesis\2.6\objenesis-2.6.jar;C:\Users\Administrator\.m2\Repository\org\hamcrest\hamcrest-core\1.3\hamcrest-core-1.3.jar;C:\Users\Administrator\.m2\Repository\org\hamcrest\hamcrest-library\1.3\hamcrest-library-1.3.jar;C:\Users\Administrator\.m2\Repository\org\skyscreamer\jsonassert\1.5.0\jsonassert-1.5.0.jar;C:\Users\Administrator\.m2\Repository\com\vaadin\external\google\android-json\0.0.20131108.vaadin1\android-json-0.0.20131108.vaadin1.jar;C:\Users\Administrator\.m2\Repository\org\springframework\spring-core\5.0.12.RELEASE\spring-core-5.0.12.RELEASE.jar;C:\Users\Administrator\.m2\Repository\org\springframework\spring-test\5.0.12.RELEASE\spring-test-5.0.12.RELEASE.jar;C:\Users\Administrator\.m2\Repository\org\xmlunit\xmlunit-core\2.5.1\xmlunit-core-2.5.1.jar;C:\Users\Administrator\.m2\Repository\tk\mybatis\mapper\4.1.5\mapper-4.1.5.jar;C:\Users\Administrator\.m2\Repository\javax\persistence\persistence-api\1.0\persistence-api-1.0.jar;C:\Users\Administrator\.m2\Repository\mysql\mysql-connector-java\8.0.18\mysql-connector-java-8.0.18.jar;C:\Users\Administrator\.m2\Repository\com\google\protobuf\protobuf-java\3.6.1\protobuf-java-3.6.1.jar;C:\Users\Administrator\.m2\Repository\org\mybatis\spring\boot\mybatis-spring-boot-starter\1.3.2\mybatis-spring-boot-starter-1.3.2.jar;C:\Users\Administrator\.m2\Repository\org\springframework\boot\spring-boot-starter-jdbc\2.0.8.RELEASE\spring-boot-starter-jdbc-2.0.8.RELEASE.jar;C:\Users\Administrator\.m2\Repository\com\zaxxer\HikariCP\2.7.9\HikariCP-2.7.9.jar;C:\Users\Administrator\.m2\Repository\org\springframework\spring-jdbc\5.0.12.RELEASE\spring-jdbc-5.0.12.RELEASE.jar;C:\Users\Administrator\.m2\Repository\org\mybatis\spring\boot\mybatis-spring-boot-autoconfigure\1.3.2\mybatis-spring-boot-autoconfigure-1.3.2.jar;C:\Users\Administrator\.m2\Repository\org\mybatis\mybatis\3.4.6\mybatis-3.4.6.jar;C:\Users\Administrator\.m2\Repository\org\mybatis\mybatis-spring\1.3.2\mybatis-spring-1.3.2.jar;C:\Users\Administrator\.m2\Repository\org\springframework\boot\spring-boot-starter-cache\2.0.8.RELEASE\spring-boot-starter-cache-2.0.8.RELEASE.jar;C:\Users\Administrator\.m2\Repository\org\springframework\spring-context\5.0.12.RELEASE\spring-context-5.0.12.RELEASE.jar;C:\Users\Administrator\.m2\Repository\org\springframework\spring-context-support\5.0.12.RELEASE\spring-context-support-5.0.12.RELEASE.jar;C:\Users\Administrator\.m2\Repository\redis\clients\jedis\2.9.0\jedis-2.9.0.jar;C:\Users\Administrator\.m2\Repository\org\apache\commons\commons-pool2\2.5.0\commons-pool2-2.5.0.jar;C:\Users\Administrator\.m2\Repository\org\springframework\data\spring-data-redis\2.0.10.RELEASE\spring-data-redis-2.0.10.RELEASE.jar;C:\Users\Administrator\.m2\Repository\org\springframework\data\spring-data-keyvalue\2.0.13.RELEASE\spring-data-keyvalue-2.0.13.RELEASE.jar;C:\Users\Administrator\.m2\Repository\org\springframework\data\spring-data-commons\2.0.13.RELEASE\spring-data-commons-2.0.13.RELEASE.jar;C:\Users\Administrator\.m2\Repository\org\springframework\spring-tx\5.0.12.RELEASE\spring-tx-5.0.12.RELEASE.jar;C:\Users\Administrator\.m2\Repository\org\springframework\spring-oxm\5.0.12.RELEASE\spring-oxm-5.0.12.RELEASE.jar;C:\Users\Administrator\.m2\Repository\org\springframework\spring-aop\5.0.12.RELEASE\spring-aop-5.0.12.RELEASE.jar;C:\Users\Administrator\.m2\Repository\com\alibaba\fastjson\1.2.37\fastjson-1.2.37.jar;C:\Users\Administrator\.m2\Repository\org\springframework\boot\spring-boot-starter-aop\2.0.8.RELEASE\spring-boot-starter-aop-2.0.8.RELEASE.jar;C:\Users\Administrator\.m2\Repository\org\aspectj\aspectjweaver\1.8.13\aspectjweaver-1.8.13.jar;, user.name=Administrator, java.vm.specification.version=1.8, sun.java.command=C:\Users\ADMINI~1\AppData\Local\Temp\surefire8334986180089324435\surefirebooter2891893173833923249.jar C:\Users\Administrator\AppData\Local\Temp\surefire8334986180089324435 2020-02-28T17-43-02_171-jvmRun1 surefire68708687608788200tmp surefire_15975065229153992841tmp, java.home=C:\Program Files\Java\jdk1.8.0_211\jre, sun.arch.data.model=64, user.language=en, java.specification.vendor=Oracle Corporation, awt.toolkit=sun.awt.windows.WToolkit, java.vm.info=mixed mode, java.version=1.8.0_211, java.ext.dirs=C:\Program Files\Java\jdk1.8.0_211\jre\lib\ext;C:\Windows\Sun\Java\lib\ext, sun.boot.class.path=C:\Program Files\Java\jdk1.8.0_211\jre\lib\resources.jar;C:\Program Files\Java\jdk1.8.0_211\jre\lib\rt.jar;C:\Program Files\Java\jdk1.8.0_211\jre\lib\sunrsasign.jar;C:\Program Files\Java\jdk1.8.0_211\jre\lib\jsse.jar;C:\Program Files\Java\jdk1.8.0_211\jre\lib\jce.jar;C:\Program Files\Java\jdk1.8.0_211\jre\lib\charsets.jar;C:\Program Files\Java\jdk1.8.0_211\jre\lib\jfr.jar;C:\Program Files\Java\jdk1.8.0_211\jre\classes, java.vendor=Oracle Corporation, localRepository=C:\Users\Administrator\.m2\Repository, file.separator=\, java.vendor.url.bug=http://bugreport.sun.com/bugreport/, sun.io.unicode.encoding=UnicodeLittle, sun.cpu.endian=little, sun.desktop=windows, sun.cpu.isalist=amd64}}, SystemEnvironmentPropertySource@1409545055 {name='systemEnvironment', properties={PATH=C:\Program Files (x86)\Common Files\Oracle\Java\javapath;F:\01_Software\02_Install\05_DevelopmentTools\03_Vendor\02_Linux\01_Xshell\;C:\Windows\system32;C:\Windows;C:\Windows\System32\Wbem;C:\Windows\System32\WindowsPowerShell\v1.0\;C:\Windows\System32\OpenSSH\;C:\Program Files (x86)\Microsoft SQL Server\Client SDK\ODBC\130\Tools\Binn\;C:\Program Files (x86)\Microsoft SQL Server\140\Tools\Binn\;C:\Program Files (x86)\Microsoft SQL Server\140\DTS\Binn\;C:\Program Files (x86)\Microsoft SQL Server\140\Tools\Binn\ManagementStudio\;C:\Program Files\dotnet\;C:\Program Files\Microsoft SQL Server\130\Tools\Binn\;C:\Program Files\Microsoft SQL Server\Client SDK\ODBC\170\Tools\Binn\;C:\Program Files\Microsoft VS Code\bin;C:\Program Files\nodejs\;F:\01_Software\02_Install\06_Company\01_Vpn\bin;C:\Program Files\Java\jdk1.8.0_211\bin;C:\Program Files\Java\apache-maven-3.6.2\bin;F:\01_Software\02_Install\04_ProgramPlug-Inunit\09_GitHub\cmd;F:\01_Software\02_Install\04_ProgramPlug-Inunit\17_Yarn\bin\;C:\Users\Administrator\AppData\Local\Microsoft\WindowsApps;C:\Users\Administrator\AppData\Roaming\npm;C:\Users\Administrator\AppData\Local\GitHubDesktop\bin;C:\Users\Administrator\.dotnet\tools;C:\Users\Administrator\AppData\Local\BypassRuntm;F:\01_Software\02_Install\05_DevelopmentTools\01_BackEnd\03_Intellij Idea\bin;;C:\Users\Administrator\AppData\Local\Yarn\bin;F:\01_Software\02_Install\05_DevelopmentTools\01_BackEnd\04_C++\bin;, USERDOMAIN_ROAMINGPROFILE=DESKTOP-A2A2296, PROCESSOR_LEVEL=6, SYSTEMDRIVE=C:, #ENVTSLOGSHELLEXT9260=890407424, SESSIONNAME=Console, ALLUSERSPROFILE=C:\ProgramData, CLION=F:\01_Software\02_Install\05_DevelopmentTools\01_BackEnd\04_C++\bin;, PROCESSOR_ARCHITECTURE=AMD64, DRIVERDATA=C:\Windows\System32\Drivers\DriverData, MAVEN_HOME=C:\Program Files\Java\apache-maven-3.6.2, PROGRAMFILES=C:\Program Files, MOZ_PLUGIN_PATH=F:\01_Software\02_Install\01_Necessary\09_Reader\Foxit Reader\plugins\, PSMODULEPATH=C:\Program Files\WindowsPowerShell\Modules;C:\Windows\system32\WindowsPowerShell\v1.0\Modules, PROGRAMDATA=C:\ProgramData, USERNAME=Administrator, FPS_BROWSER_USER_PROFILE_STRING=Default, ONEDRIVE=C:\Users\Administrator\OneDrive, PATHEXT=.COM;.EXE;.BAT;.CMD;.VBS;.VBE;.JS;.JSE;.WSF;.WSH;.MSC, WINDIR=C:\Windows, HOMEPATH=\Users\Administrator, PROCESSOR_IDENTIFIER=Intel64 Family 6 Model 158 Stepping 10, GenuineIntel, PUBLIC=C:\Users\Public, =::=::\, LOCALAPPDATA=C:\Users\Administrator\AppData\Local, ASPNETCORE_ENVIRONMENT=Development, COMMONPROGRAMFILES(X86)=C:\Program Files (x86)\Common Files, USERDOMAIN=DESKTOP-A2A2296, FPS_BROWSER_APP_PROFILE_STRING=Internet Explorer, LOGONSERVER=\\DESKTOP-A2A2296, JAVA_HOME=C:\Program Files\Java\jdk1.8.0_211, PROMPT=$P$G, PROGRAMFILES(X86)=C:\Program Files (x86), INTELLIJ IDEA=F:\01_Software\02_Install\05_DevelopmentTools\01_BackEnd\03_Intellij Idea\bin;, APPDATA=C:\Users\Administrator\AppData\Roaming, PROGRAMW6432=C:\Program Files, SYSTEMROOT=C:\Windows, OS=Windows_NT, COMMONPROGRAMW6432=C:\Program Files\Common Files, COMPUTERNAME=DESKTOP-A2A2296, COMMONPROGRAMFILES=C:\Program Files\Common Files, COMSPEC=C:\Windows\system32\cmd.exe, PROCESSOR_REVISION=9e0a, =D:=D:\03_CoreProduct\02_EnterpriseSite\01_Code\EnterpriseSite Version3.0.0\01_CorePackages\enterprise.framework\06-microService\enterprise.framework.erp, TEMP=C:\Users\ADMINI~1\AppData\Local\Temp, HOMEDRIVE=C:, USERPROFILE=C:\Users\Administrator, TMP=C:\Users\ADMINI~1\AppData\Local\Temp, NUMBER_OF_PROCESSORS=12, IDEA_INITIAL_DIRECTORY=F:\01_Software\02_Install\05_DevelopmentTools\01_BackEnd\03_Intellij Idea\bin}}]
17:43:07.389 [main] DEBUG org.springframework.test.context.support.TestPropertySourceUtils - Adding inlined properties to environment: {spring.jmx.enabled=false, org.springframework.boot.test.context.SpringBootTestContextBootstrapper=true, server.port=-1}
17:43:07.389 [main] DEBUG org.springframework.core.env.StandardEnvironment - Adding PropertySource 'Inlined Test Properties' with highest search precedence
2020-02-28 17:43:08.439  INFO 41344 --- [           main] s.c.a.AnnotationConfigApplicationContext : Refreshing org.springframework.context.annotation.AnnotationConfigApplicationContext@5f20155b: startup date [Fri Feb 28 17:43:08 CST 2020]; root of context hierarchy
2020-02-28 17:43:08.600  INFO 41344 --- [           main] f.a.AutowiredAnnotationBeanPostProcessor : JSR-330 'javax.inject.Inject' annotation found and supported for autowiring
2020-02-28 17:43:08.623  INFO 41344 --- [           main] trationDelegate$BeanPostProcessorChecker : Bean 'configurationPropertiesRebinderAutoConfiguration' of type [org.springframework.cloud.autoconfigure.ConfigurationPropertiesRebinderAutoConfiguration$$EnhancerBySpringCGLIB$$e302a0b9] is not eligible for getting processed by all BeanPostProcessors (for example: not eligible for auto-proxying)

  .   ____          _            __ _ _
 /\\ / ___'_ __ _ _(_)_ __  __ _ \ \ \ \
( ( )\___ | '_ | '_| | '_ \/ _` | \ \ \ \
 \\/  ___)| |_)| | | | | || (_| |  ) ) ) )
  '  |____| .__|_| |_|_| |_\__, | / / / /
 =========|_|==============|___/=/_/_/_/
 :: Spring Boot ::        (v2.0.8.RELEASE)

2020-02-28 17:43:09.678  INFO 41344 --- [           main] enterprise.framework.AuthTest            : The following profiles are active: prod
2020-02-28 17:43:09.681  INFO 41344 --- [           main] o.s.w.c.s.GenericWebApplicationContext   : Refreshing org.springframework.web.context.support.GenericWebApplicationContext@751d3241: startup date [Fri Feb 28 17:43:09 CST 2020]; parent: org.springframework.context.annotation.AnnotationConfigApplicationContext@5f20155b
2020-02-28 17:43:10.175  WARN 41344 --- [           main] o.m.s.mapper.ClassPathMapperScanner      : No MyBatis mapper was found in '[enterprise.framework.erp]' package. Please check your configuration.
2020-02-28 17:43:10.201  INFO 41344 --- [           main] .s.d.r.c.RepositoryConfigurationDelegate : Multiple Spring Data modules found, entering strict repository configuration mode!
2020-02-28 17:43:10.507  INFO 41344 --- [           main] o.s.cloud.context.scope.GenericScope     : BeanFactory id=97b25e1e-1751-3dd7-9d8f-1fea0814ee44
2020-02-28 17:43:10.560  INFO 41344 --- [           main] f.a.AutowiredAnnotationBeanPostProcessor : JSR-330 'javax.inject.Inject' annotation found and supported for autowiring
2020-02-28 17:43:10.681  INFO 41344 --- [           main] trationDelegate$BeanPostProcessorChecker : Bean 'org.springframework.transaction.annotation.ProxyTransactionManagementConfiguration' of type [org.springframework.transaction.annotation.ProxyTransactionManagementConfiguration$$EnhancerBySpringCGLIB$$c6e89dbc] is not eligible for getting processed by all BeanPostProcessors (for example: not eligible for auto-proxying)
2020-02-28 17:43:10.837  INFO 41344 --- [           main] trationDelegate$BeanPostProcessorChecker : Bean 'org.springframework.cloud.autoconfigure.ConfigurationPropertiesRebinderAutoConfiguration' of type [org.springframework.cloud.autoconfigure.ConfigurationPropertiesRebinderAutoConfiguration$$EnhancerBySpringCGLIB$$e302a0b9] is not eligible for getting processed by all BeanPostProcessors (for example: not eligible for auto-proxying)
----------------enterprise-erp:jdbc:mysql://121.43.157.82:3306/enterprise_erp?useUnicode=true&characterEncoding=utf-8&useSSL=false&useJDBCCompliantTimezoneShift=true&allowPublicKeyRetrieval=true&serverTimezone=GMT%2b8
----------------mysql2:jdbc:mysql://172.16.0.241:3306/db02?useUnicode=true&useSSL=false&characterEncoding=utf8
----------------mysql3:jdbc:mysql://172.16.0.241:3306/db03?useUnicode=true&useSSL=false&characterEncoding=utf8
2020-02-28 17:43:11.972  WARN 41344 --- [           main] f.a.AutowiredAnnotationBeanPostProcessor : Autowired annotation is not supported on static fields: private static org.springframework.data.redis.core.RedisTemplate enterprise.framework.business.auth.AuthHandler.redisTemplate
2020-02-28 17:43:11.973  WARN 41344 --- [           main] f.a.AutowiredAnnotationBeanPostProcessor : Autowired annotation is not supported on static fields: private static enterprise.framework.service.auth.user.SysAuthUserService enterprise.framework.business.auth.AuthHandler.sysAuthUserService
2020-02-28 17:43:11.975  WARN 41344 --- [           main] f.a.AutowiredAnnotationBeanPostProcessor : Autowired annotation is not supported on static fields: private static org.springframework.data.redis.core.RedisTemplate enterprise.framework.core.token.TokenManager.redisTemplate
2020-02-28 17:43:12.151  WARN 41344 --- [           main] c.n.c.sources.URLConfigurationSource     : No URLs will be polled as dynamic configuration sources.
2020-02-28 17:43:12.151  INFO 41344 --- [           main] c.n.c.sources.URLConfigurationSource     : To enable URLs as dynamic configuration sources, define System property archaius.configurationSource.additionalUrls or make config.properties available on classpath.
2020-02-28 17:43:12.156  WARN 41344 --- [           main] c.n.c.sources.URLConfigurationSource     : No URLs will be polled as dynamic configuration sources.
2020-02-28 17:43:12.156  INFO 41344 --- [           main] c.n.c.sources.URLConfigurationSource     : To enable URLs as dynamic configuration sources, define System property archaius.configurationSource.additionalUrls or make config.properties available on classpath.
2020-02-28 17:43:12.554  INFO 41344 --- [           main] io.lettuce.core.EpollProvider            : Starting without optional epoll library
2020-02-28 17:43:12.556  INFO 41344 --- [           main] io.lettuce.core.KqueueProvider           : Starting without optional kqueue library
2020-02-28 17:43:24.265  WARN 41344 --- [           main] o.s.w.c.s.GenericWebApplicationContext   : Exception encountered during context initialization - cancelling refresh attempt: org.springframework.beans.factory.BeanCreationException: Error creating bean with name 'enableRedisKeyspaceNotificationsInitializer' defined in class path resource [org/springframework/boot/autoconfigure/session/RedisSessionConfiguration$SpringBootRedisHttpSessionConfiguration.class]: Invocation of init method failed; nested exception is org.springframework.data.redis.connection.PoolException: Could not get a resource from the pool; nested exception is io.lettuce.core.RedisConnectionException: Unable to connect to 172.17.0.8:6382
2020-02-28 17:43:25.381  INFO 41344 --- [           main] ConditionEvaluationReportLoggingListener : 

Error starting ApplicationContext. To display the conditions report re-run your application with 'debug' enabled.
2020-02-28 17:43:25.386 ERROR 41344 --- [           main] o.s.boot.SpringApplication               : Application run failed

org.springframework.beans.factory.BeanCreationException: Error creating bean with name 'enableRedisKeyspaceNotificationsInitializer' defined in class path resource [org/springframework/boot/autoconfigure/session/RedisSessionConfiguration$SpringBootRedisHttpSessionConfiguration.class]: Invocation of init method failed; nested exception is org.springframework.data.redis.connection.PoolException: Could not get a resource from the pool; nested exception is io.lettuce.core.RedisConnectionException: Unable to connect to 172.17.0.8:6382
	at org.springframework.beans.factory.support.AbstractAutowireCapableBeanFactory.initializeBean(AbstractAutowireCapableBeanFactory.java:1694) ~[spring-beans-5.0.12.RELEASE.jar:5.0.12.RELEASE]
	at org.springframework.beans.factory.support.AbstractAutowireCapableBeanFactory.doCreateBean(AbstractAutowireCapableBeanFactory.java:573) ~[spring-beans-5.0.12.RELEASE.jar:5.0.12.RELEASE]
	at org.springframework.beans.factory.support.AbstractAutowireCapableBeanFactory.createBean(AbstractAutowireCapableBeanFactory.java:495) ~[spring-beans-5.0.12.RELEASE.jar:5.0.12.RELEASE]
	at org.springframework.beans.factory.support.AbstractBeanFactory.lambda$doGetBean$0(AbstractBeanFactory.java:317) ~[spring-beans-5.0.12.RELEASE.jar:5.0.12.RELEASE]
	at org.springframework.beans.factory.support.DefaultSingletonBeanRegistry.getSingleton(DefaultSingletonBeanRegistry.java:222) ~[spring-beans-5.0.12.RELEASE.jar:5.0.12.RELEASE]
	at org.springframework.beans.factory.support.AbstractBeanFactory.doGetBean(AbstractBeanFactory.java:315) ~[spring-beans-5.0.12.RELEASE.jar:5.0.12.RELEASE]
	at org.springframework.beans.factory.support.AbstractBeanFactory.getBean(AbstractBeanFactory.java:199) ~[spring-beans-5.0.12.RELEASE.jar:5.0.12.RELEASE]
	at org.springframework.beans.factory.support.DefaultListableBeanFactory.preInstantiateSingletons(DefaultListableBeanFactory.java:759) ~[spring-beans-5.0.12.RELEASE.jar:5.0.12.RELEASE]
	at org.springframework.context.support.AbstractApplicationContext.finishBeanFactoryInitialization(AbstractApplicationContext.java:867) ~[spring-context-5.0.12.RELEASE.jar:5.0.12.RELEASE]
	at org.springframework.context.support.AbstractApplicationContext.refresh(AbstractApplicationContext.java:548) ~[spring-context-5.0.12.RELEASE.jar:5.0.12.RELEASE]
	at org.springframework.boot.SpringApplication.refresh(SpringApplication.java:754) ~[spring-boot-2.0.8.RELEASE.jar:2.0.8.RELEASE]
	at org.springframework.boot.SpringApplication.refreshContext(SpringApplication.java:386) ~[spring-boot-2.0.8.RELEASE.jar:2.0.8.RELEASE]
	at org.springframework.boot.SpringApplication.run(SpringApplication.java:307) ~[spring-boot-2.0.8.RELEASE.jar:2.0.8.RELEASE]
	at org.springframework.boot.test.context.SpringBootContextLoader.loadContext(SpringBootContextLoader.java:127) [spring-boot-test-2.0.8.RELEASE.jar:2.0.8.RELEASE]
	at org.springframework.test.context.cache.DefaultCacheAwareContextLoaderDelegate.loadContextInternal(DefaultCacheAwareContextLoaderDelegate.java:99) [spring-test-5.0.12.RELEASE.jar:5.0.12.RELEASE]
	at org.springframework.test.context.cache.DefaultCacheAwareContextLoaderDelegate.loadContext(DefaultCacheAwareContextLoaderDelegate.java:117) [spring-test-5.0.12.RELEASE.jar:5.0.12.RELEASE]
	at org.springframework.test.context.support.DefaultTestContext.getApplicationContext(DefaultTestContext.java:108) [spring-test-5.0.12.RELEASE.jar:5.0.12.RELEASE]
	at org.springframework.test.context.web.ServletTestExecutionListener.setUpRequestContextIfNecessary(ServletTestExecutionListener.java:190) [spring-test-5.0.12.RELEASE.jar:5.0.12.RELEASE]
	at org.springframework.test.context.web.ServletTestExecutionListener.prepareTestInstance(ServletTestExecutionListener.java:132) [spring-test-5.0.12.RELEASE.jar:5.0.12.RELEASE]
	at org.springframework.test.context.TestContextManager.prepareTestInstance(TestContextManager.java:246) [spring-test-5.0.12.RELEASE.jar:5.0.12.RELEASE]
	at org.springframework.test.context.junit4.SpringJUnit4ClassRunner.createTest(SpringJUnit4ClassRunner.java:227) [spring-test-5.0.12.RELEASE.jar:5.0.12.RELEASE]
	at org.springframework.test.context.junit4.SpringJUnit4ClassRunner$1.runReflectiveCall(SpringJUnit4ClassRunner.java:289) [spring-test-5.0.12.RELEASE.jar:5.0.12.RELEASE]
	at org.junit.internal.runners.model.ReflectiveCallable.run(ReflectiveCallable.java:12) [junit-4.12.jar:4.12]
	at org.springframework.test.context.junit4.SpringJUnit4ClassRunner.methodBlock(SpringJUnit4ClassRunner.java:291) [spring-test-5.0.12.RELEASE.jar:5.0.12.RELEASE]
	at org.springframework.test.context.junit4.SpringJUnit4ClassRunner.runChild(SpringJUnit4ClassRunner.java:246) [spring-test-5.0.12.RELEASE.jar:5.0.12.RELEASE]
	at org.springframework.test.context.junit4.SpringJUnit4ClassRunner.runChild(SpringJUnit4ClassRunner.java:97) [spring-test-5.0.12.RELEASE.jar:5.0.12.RELEASE]
	at org.junit.runners.ParentRunner$3.run(ParentRunner.java:290) [junit-4.12.jar:4.12]
	at org.junit.runners.ParentRunner$1.schedule(ParentRunner.java:71) [junit-4.12.jar:4.12]
	at org.junit.runners.ParentRunner.runChildren(ParentRunner.java:288) [junit-4.12.jar:4.12]
	at org.junit.runners.ParentRunner.access$000(ParentRunner.java:58) [junit-4.12.jar:4.12]
	at org.junit.runners.ParentRunner$2.evaluate(ParentRunner.java:268) [junit-4.12.jar:4.12]
	at org.springframework.test.context.junit4.statements.RunBeforeTestClassCallbacks.evaluate(RunBeforeTestClassCallbacks.java:61) [spring-test-5.0.12.RELEASE.jar:5.0.12.RELEASE]
	at org.springframework.test.context.junit4.statements.RunAfterTestClassCallbacks.evaluate(RunAfterTestClassCallbacks.java:70) [spring-test-5.0.12.RELEASE.jar:5.0.12.RELEASE]
	at org.junit.runners.ParentRunner.run(ParentRunner.java:363) [junit-4.12.jar:4.12]
	at org.springframework.test.context.junit4.SpringJUnit4ClassRunner.run(SpringJUnit4ClassRunner.java:190) [spring-test-5.0.12.RELEASE.jar:5.0.12.RELEASE]
	at org.apache.maven.surefire.junit4.JUnit4Provider.execute(JUnit4Provider.java:365) [surefire-junit4-2.21.0.jar:2.21.0]
	at org.apache.maven.surefire.junit4.JUnit4Provider.executeWithRerun(JUnit4Provider.java:273) [surefire-junit4-2.21.0.jar:2.21.0]
	at org.apache.maven.surefire.junit4.JUnit4Provider.executeTestSet(JUnit4Provider.java:238) [surefire-junit4-2.21.0.jar:2.21.0]
	at org.apache.maven.surefire.junit4.JUnit4Provider.invoke(JUnit4Provider.java:159) [surefire-junit4-2.21.0.jar:2.21.0]
	at org.apache.maven.surefire.booter.ForkedBooter.invokeProviderInSameClassLoader(ForkedBooter.java:379) [surefire-booter-2.21.0.jar:2.21.0]
	at org.apache.maven.surefire.booter.ForkedBooter.runSuitesInProcess(ForkedBooter.java:340) [surefire-booter-2.21.0.jar:2.21.0]
	at org.apache.maven.surefire.booter.ForkedBooter.execute(ForkedBooter.java:125) [surefire-booter-2.21.0.jar:2.21.0]
	at org.apache.maven.surefire.booter.ForkedBooter.main(ForkedBooter.java:413) [surefire-booter-2.21.0.jar:2.21.0]
Caused by: org.springframework.data.redis.connection.PoolException: Could not get a resource from the pool; nested exception is io.lettuce.core.RedisConnectionException: Unable to connect to 172.17.0.8:6382
	at org.springframework.data.redis.connection.lettuce.LettucePoolingConnectionProvider.getConnection(LettucePoolingConnectionProvider.java:86) ~[spring-data-redis-2.0.10.RELEASE.jar:2.0.10.RELEASE]
	at org.springframework.data.redis.connection.lettuce.LettuceConnectionFactory$SharedConnection.getNativeConnection(LettuceConnectionFactory.java:959) ~[spring-data-redis-2.0.10.RELEASE.jar:2.0.10.RELEASE]
	at org.springframework.data.redis.connection.lettuce.LettuceConnectionFactory$SharedConnection.getConnection(LettuceConnectionFactory.java:934) ~[spring-data-redis-2.0.10.RELEASE.jar:2.0.10.RELEASE]
	at org.springframework.data.redis.connection.lettuce.LettuceConnectionFactory.getSharedConnection(LettuceConnectionFactory.java:786) ~[spring-data-redis-2.0.10.RELEASE.jar:2.0.10.RELEASE]
	at org.springframework.data.redis.connection.lettuce.LettuceConnectionFactory.getConnection(LettuceConnectionFactory.java:300) ~[spring-data-redis-2.0.10.RELEASE.jar:2.0.10.RELEASE]
	at org.springframework.session.data.redis.config.annotation.web.http.RedisHttpSessionConfiguration$EnableRedisKeyspaceNotificationsInitializer.afterPropertiesSet(RedisHttpSessionConfiguration.java:302) ~[spring-session-data-redis-2.0.9.RELEASE.jar:2.0.9.RELEASE]
	at org.springframework.beans.factory.support.AbstractAutowireCapableBeanFactory.invokeInitMethods(AbstractAutowireCapableBeanFactory.java:1753) ~[spring-beans-5.0.12.RELEASE.jar:5.0.12.RELEASE]
	at org.springframework.beans.factory.support.AbstractAutowireCapableBeanFactory.initializeBean(AbstractAutowireCapableBeanFactory.java:1690) ~[spring-beans-5.0.12.RELEASE.jar:5.0.12.RELEASE]
	... 42 common frames omitted
Caused by: io.lettuce.core.RedisConnectionException: Unable to connect to 172.17.0.8:6382
	at io.lettuce.core.RedisConnectionException.create(RedisConnectionException.java:56) ~[lettuce-core-5.0.5.RELEASE.jar:na]
	at io.lettuce.core.AbstractRedisClient.getConnection(AbstractRedisClient.java:233) ~[lettuce-core-5.0.5.RELEASE.jar:na]
	at io.lettuce.core.RedisClient.connectStandalone(RedisClient.java:253) ~[lettuce-core-5.0.5.RELEASE.jar:na]
	at io.lettuce.core.RedisClient.connect(RedisClient.java:202) ~[lettuce-core-5.0.5.RELEASE.jar:na]
	at org.springframework.data.redis.connection.lettuce.StandaloneConnectionProvider.getConnection(StandaloneConnectionProvider.java:56) ~[spring-data-redis-2.0.10.RELEASE.jar:2.0.10.RELEASE]
	at org.springframework.data.redis.connection.lettuce.LettucePoolingConnectionProvider.lambda$null$0(LettucePoolingConnectionProvider.java:74) ~[spring-data-redis-2.0.10.RELEASE.jar:2.0.10.RELEASE]
	at io.lettuce.core.support.ConnectionPoolSupport$RedisPooledObjectFactory.create(ConnectionPoolSupport.java:225) ~[lettuce-core-5.0.5.RELEASE.jar:na]
	at io.lettuce.core.support.ConnectionPoolSupport$RedisPooledObjectFactory.create(ConnectionPoolSupport.java:215) ~[lettuce-core-5.0.5.RELEASE.jar:na]
	at org.apache.commons.pool2.BasePooledObjectFactory.makeObject(BasePooledObjectFactory.java:58) ~[commons-pool2-2.5.0.jar:2.5.0]
	at org.apache.commons.pool2.impl.GenericObjectPool.create(GenericObjectPool.java:889) ~[commons-pool2-2.5.0.jar:2.5.0]
	at org.apache.commons.pool2.impl.GenericObjectPool.borrowObject(GenericObjectPool.java:433) ~[commons-pool2-2.5.0.jar:2.5.0]
	at org.apache.commons.pool2.impl.GenericObjectPool.borrowObject(GenericObjectPool.java:362) ~[commons-pool2-2.5.0.jar:2.5.0]
	at io.lettuce.core.support.ConnectionPoolSupport$1.borrowObject(ConnectionPoolSupport.java:124) ~[lettuce-core-5.0.5.RELEASE.jar:na]
	at io.lettuce.core.support.ConnectionPoolSupport$1.borrowObject(ConnectionPoolSupport.java:120) ~[lettuce-core-5.0.5.RELEASE.jar:na]
	at org.springframework.data.redis.connection.lettuce.LettucePoolingConnectionProvider.getConnection(LettucePoolingConnectionProvider.java:80) ~[spring-data-redis-2.0.10.RELEASE.jar:2.0.10.RELEASE]
	... 49 common frames omitted
Caused by: io.netty.channel.ConnectTimeoutException: connection timed out: /172.17.0.8:6382
	at io.netty.channel.nio.AbstractNioChannel$AbstractNioUnsafe$1.run(AbstractNioChannel.java:267) ~[netty-transport-4.1.31.Final.jar:4.1.31.Final]
	at io.netty.util.concurrent.PromiseTask$RunnableAdapter.call(PromiseTask.java:38) ~[netty-common-4.1.31.Final.jar:4.1.31.Final]
	at io.netty.util.concurrent.ScheduledFutureTask.run(ScheduledFutureTask.java:127) ~[netty-common-4.1.31.Final.jar:4.1.31.Final]
	at io.netty.util.concurrent.AbstractEventExecutor.safeExecute(AbstractEventExecutor.java:163) ~[netty-common-4.1.31.Final.jar:4.1.31.Final]
	at io.netty.util.concurrent.SingleThreadEventExecutor.runAllTasks(SingleThreadEventExecutor.java:404) ~[netty-common-4.1.31.Final.jar:4.1.31.Final]
	at io.netty.channel.nio.NioEventLoop.run(NioEventLoop.java:466) ~[netty-transport-4.1.31.Final.jar:4.1.31.Final]
	at io.netty.util.concurrent.SingleThreadEventExecutor$5.run(SingleThreadEventExecutor.java:897) ~[netty-common-4.1.31.Final.jar:4.1.31.Final]
	at io.netty.util.concurrent.FastThreadLocalRunnable.run(FastThreadLocalRunnable.java:30) ~[netty-common-4.1.31.Final.jar:4.1.31.Final]
	at java.lang.Thread.run(Thread.java:748) ~[na:1.8.0_211]

2020-02-28 17:43:25.387 ERROR 41344 --- [           main] o.s.test.context.TestContextManager      : Caught exception while allowing TestExecutionListener [org.springframework.test.context.web.ServletTestExecutionListener@2e1d27ba] to prepare test instance [enterprise.framework.AuthTest@66451058]

java.lang.IllegalStateException: Failed to load ApplicationContext
	at org.springframework.test.context.cache.DefaultCacheAwareContextLoaderDelegate.loadContext(DefaultCacheAwareContextLoaderDelegate.java:125) ~[spring-test-5.0.12.RELEASE.jar:5.0.12.RELEASE]
	at org.springframework.test.context.support.DefaultTestContext.getApplicationContext(DefaultTestContext.java:108) ~[spring-test-5.0.12.RELEASE.jar:5.0.12.RELEASE]
	at org.springframework.test.context.web.ServletTestExecutionListener.setUpRequestContextIfNecessary(ServletTestExecutionListener.java:190) ~[spring-test-5.0.12.RELEASE.jar:5.0.12.RELEASE]
	at org.springframework.test.context.web.ServletTestExecutionListener.prepareTestInstance(ServletTestExecutionListener.java:132) ~[spring-test-5.0.12.RELEASE.jar:5.0.12.RELEASE]
	at org.springframework.test.context.TestContextManager.prepareTestInstance(TestContextManager.java:246) ~[spring-test-5.0.12.RELEASE.jar:5.0.12.RELEASE]
[...]
	at org.junit.runners.ParentRunner.access$000(ParentRunner.java:58) [junit-4.12.jar:4.12]
	at org.junit.runners.ParentRunner$2.evaluate(ParentRunner.java:268) [junit-4.12.jar:4.12]
	at org.springframework.test.context.junit4.statements.RunBeforeTestClassCallbacks.evaluate(RunBeforeTestClassCallbacks.java:61) [spring-test-5.0.12.RELEASE.jar:5.0.12.RELEASE]
	at org.springframework.test.context.junit4.statements.RunAfterTestClassCallbacks.evaluate(RunAfterTestClassCallbacks.java:70) [spring-test-5.0.12.RELEASE.jar:5.0.12.RELEASE]
	at org.junit.runners.ParentRunner.run(ParentRunner.java:363) [junit-4.12.jar:4.12]
	at org.springframework.test.context.junit4.SpringJUnit4ClassRunner.run(SpringJUnit4ClassRunner.java:190) [spring-test-5.0.12.RELEASE.jar:5.0.12.RELEASE]
	at org.apache.maven.surefire.junit4.JUnit4Provider.execute(JUnit4Provider.java:365) [surefire-junit4-2.21.0.jar:2.21.0]
	at org.apache.maven.surefire.junit4.JUnit4Provider.executeWithRerun(JUnit4Provider.java:273) [surefire-junit4-2.21.0.jar:2.21.0]
	at org.apache.maven.surefire.junit4.JUnit4Provider.executeTestSet(JUnit4Provider.java:238) [surefire-junit4-2.21.0.jar:2.21.0]
	at org.apache.maven.surefire.junit4.JUnit4Provider.invoke(JUnit4Provider.java:159) [surefire-junit4-2.21.0.jar:2.21.0]
	at org.apache.maven.surefire.booter.ForkedBooter.invokeProviderInSameClassLoader(ForkedBooter.java:379) [surefire-booter-2.21.0.jar:2.21.0]
	at org.apache.maven.surefire.booter.ForkedBooter.runSuitesInProcess(ForkedBooter.java:340) [surefire-booter-2.21.0.jar:2.21.0]
	at org.apache.maven.surefire.booter.ForkedBooter.execute(ForkedBooter.java:125) [surefire-booter-2.21.0.jar:2.21.0]
	at org.apache.maven.surefire.booter.ForkedBooter.main(ForkedBooter.java:413) [surefire-booter-2.21.0.jar:2.21.0]
Caused by: org.springframework.data.redis.connection.PoolException: Could not get a resource from the pool; nested exception is io.lettuce.core.RedisConnectionException: Unable to connect to 172.17.0.8:6382
	at org.springframework.data.redis.connection.lettuce.LettucePoolingConnectionProvider.getConnection(LettucePoolingConnectionProvider.java:86) ~[spring-data-redis-2.0.10.RELEASE.jar:2.0.10.RELEASE]
	at org.springframework.data.redis.connection.lettuce.LettuceConnectionFactory$SharedConnection.getNativeConnection(LettuceConnectionFactory.java:959) ~[spring-data-redis-2.0.10.RELEASE.jar:2.0.10.RELEASE]
	at org.springframework.data.redis.connection.lettuce.LettuceConnectionFactory$SharedConnection.getConnection(LettuceConnectionFactory.java:934) ~[spring-data-redis-2.0.10.RELEASE.jar:2.0.10.RELEASE]
	at org.springframework.data.redis.connection.lettuce.LettuceConnectionFactory.getSharedConnection(LettuceConnectionFactory.java:786) ~[spring-data-redis-2.0.10.RELEASE.jar:2.0.10.RELEASE]
	at org.springframework.data.redis.connection.lettuce.LettuceConnectionFactory.getConnection(LettuceConnectionFactory.java:300) ~[spring-data-redis-2.0.10.RELEASE.jar:2.0.10.RELEASE]
	at org.springframework.session.data.redis.config.annotation.web.http.RedisHttpSessionConfiguration$EnableRedisKeyspaceNotificationsInitializer.afterPropertiesSet(RedisHttpSessionConfiguration.java:302) ~[spring-session-data-redis-2.0.9.RELEASE.jar:2.0.9.RELEASE]
	at org.springframework.beans.factory.support.AbstractAutowireCapableBeanFactory.invokeInitMethods(AbstractAutowireCapableBeanFactory.java:1753) ~[spring-beans-5.0.12.RELEASE.jar:5.0.12.RELEASE]
	at org.springframework.beans.factory.support.AbstractAutowireCapableBeanFactory.initializeBean(AbstractAutowireCapableBeanFactory.java:1690) ~[spring-beans-5.0.12.RELEASE.jar:5.0.12.RELEASE]
	... 42 common frames omitted
Caused by: io.lettuce.core.RedisConnectionException: Unable to connect to 172.17.0.8:6382
	at io.lettuce.core.RedisConnectionException.create(RedisConnectionException.java:56) ~[lettuce-core-5.0.5.RELEASE.jar:na]
	at io.lettuce.core.AbstractRedisClient.getConnection(AbstractRedisClient.java:233) ~[lettuce-core-5.0.5.RELEASE.jar:na]
	at io.lettuce.core.RedisClient.connectStandalone(RedisClient.java:253) ~[lettuce-core-5.0.5.RELEASE.jar:na]
	at io.lettuce.core.RedisClient.connect(RedisClient.java:202) ~[lettuce-core-5.0.5.RELEASE.jar:na]
	at org.springframework.data.redis.connection.lettuce.StandaloneConnectionProvider.getConnection(StandaloneConnectionProvider.java:56) ~[spring-data-redis-2.0.10.RELEASE.jar:2.0.10.RELEASE]
	at org.springframework.data.redis.connection.lettuce.LettucePoolingConnectionProvider.lambda$null$0(LettucePoolingConnectionProvider.java:74) ~[spring-data-redis-2.0.10.RELEASE.jar:2.0.10.RELEASE]
	at io.lettuce.core.support.ConnectionPoolSupport$RedisPooledObjectFactory.create(ConnectionPoolSupport.java:225) ~[lettuce-core-5.0.5.RELEASE.jar:na]
	at io.lettuce.core.support.ConnectionPoolSupport$RedisPooledObjectFactory.create(ConnectionPoolSupport.java:215) ~[lettuce-core-5.0.5.RELEASE.jar:na]
	at org.apache.commons.pool2.BasePooledObjectFactory.makeObject(BasePooledObjectFactory.java:58) ~[commons-pool2-2.5.0.jar:2.5.0]
	at org.apache.commons.pool2.impl.GenericObjectPool.create(GenericObjectPool.java:889) ~[commons-pool2-2.5.0.jar:2.5.0]
	at org.apache.commons.pool2.impl.GenericObjectPool.borrowObject(GenericObjectPool.java:433) ~[commons-pool2-2.5.0.jar:2.5.0]
	at org.apache.commons.pool2.impl.GenericObjectPool.borrowObject(GenericObjectPool.java:362) ~[commons-pool2-2.5.0.jar:2.5.0]
	at io.lettuce.core.support.ConnectionPoolSupport$1.borrowObject(ConnectionPoolSupport.java:124) ~[lettuce-core-5.0.5.RELEASE.jar:na]
	at io.lettuce.core.support.ConnectionPoolSupport$1.borrowObject(ConnectionPoolSupport.java:120) ~[lettuce-core-5.0.5.RELEASE.jar:na]
	at org.springframework.data.redis.connection.lettuce.LettucePoolingConnectionProvider.getConnection(LettucePoolingConnectionProvider.java:80) ~[spring-data-redis-2.0.10.RELEASE.jar:2.0.10.RELEASE]
	... 49 common frames omitted
Caused by: io.netty.channel.ConnectTimeoutException: connection timed out: /172.17.0.8:6382
	at io.netty.channel.nio.AbstractNioChannel$AbstractNioUnsafe$1.run(AbstractNioChannel.java:267) ~[netty-transport-4.1.31.Final.jar:4.1.31.Final]
	at io.netty.util.concurrent.PromiseTask$RunnableAdapter.call(PromiseTask.java:38) ~[netty-common-4.1.31.Final.jar:4.1.31.Final]
	at io.netty.util.concurrent.ScheduledFutureTask.run(ScheduledFutureTask.java:127) ~[netty-common-4.1.31.Final.jar:4.1.31.Final]
	at io.netty.util.concurrent.AbstractEventExecutor.safeExecute(AbstractEventExecutor.java:163) ~[netty-common-4.1.31.Final.jar:4.1.31.Final]
	at io.netty.util.concurrent.SingleThreadEventExecutor.runAllTasks(SingleThreadEventExecutor.java:404) ~[netty-common-4.1.31.Final.jar:4.1.31.Final]
	at io.netty.channel.nio.NioEventLoop.run(NioEventLoop.java:466) ~[netty-transport-4.1.31.Final.jar:4.1.31.Final]
	at io.netty.util.concurrent.SingleThreadEventExecutor$5.run(SingleThreadEventExecutor.java:897) ~[netty-common-4.1.31.Final.jar:4.1.31.Final]
	at io.netty.util.concurrent.FastThreadLocalRunnable.run(FastThreadLocalRunnable.java:30) ~[netty-common-4.1.31.Final.jar:4.1.31.Final]
	at java.lang.Thread.run(Thread.java:748) ~[na:1.8.0_211]

2020-02-28 17:43:39.090 ERROR 41344 --- [           main] o.s.test.context.TestContextManager      : Caught exception while allowing TestExecutionListener [org.springframework.test.context.web.ServletTestExecutionListener@2e1d27ba] to prepare test instance [enterprise.framework.AuthTest@56f9de3b]

java.lang.IllegalStateException: Failed to load ApplicationContext
	at org.springframework.test.context.cache.DefaultCacheAwareContextLoaderDelegate.loadContext(DefaultCacheAwareContextLoaderDelegate.java:125) ~[spring-test-5.0.12.RELEASE.jar:5.0.12.RELEASE]
	at org.springframework.test.context.support.DefaultTestContext.getApplicationContext(DefaultTestContext.java:108) ~[spring-test-5.0.12.RELEASE.jar:5.0.12.RELEASE]
	at org.springframework.test.context.web.ServletTestExecutionListener.setUpRequestContextIfNecessary(ServletTestExecutionListener.java:190) ~[spring-test-5.0.12.RELEASE.jar:5.0.12.RELEASE]
	at org.springframework.test.context.web.ServletTestExecutionListener.prepareTestInstance(ServletTestExecutionListener.java:132) ~[spring-test-5.0.12.RELEASE.jar:5.0.12.RELEASE]
	at org.springframework.test.context.TestContextManager.prepareTestInstance(TestContextManager.java:246) ~[spring-test-5.0.12.RELEASE.jar:5.0.12.RELEASE]
	at org.springframework.test.context.junit4.SpringJUnit4ClassRunner.createTest(SpringJUnit4ClassRunner.java:227) [spring-test-5.0.12.RELEASE.jar:5.0.12.RELEASE]
	at org.springframework.test.context.junit4.SpringJUnit4ClassRunner$1.runReflectiveCall(SpringJUnit4ClassRunner.java:289) [spring-test-5.0.12.RELEASE.jar:5.0.12.RELEASE]
	at org.junit.internal.runners.model.ReflectiveCallable.run(ReflectiveCallable.java:12) [junit-4.12.jar:4.12]
	at org.springframework.test.context.junit4.SpringJUnit4ClassRunner.methodBlock(SpringJUnit4ClassRunner.java:291) [spring-test-5.0.12.RELEASE.jar:5.0.12.RELEASE]
	at org.springframework.test.context.junit4.SpringJUnit4ClassRunner.runChild(SpringJUnit4ClassRunner.java:246) [spring-test-5.0.12.RELEASE.jar:5.0.12.RELEASE]
	at org.springframework.test.context.junit4.SpringJUnit4ClassRunner.runChild(SpringJUnit4ClassRunner.java:97) [spring-test-5.0.12.RELEASE.jar:5.0.12.RELEASE]
	at org.junit.runners.ParentRunner$3.run(ParentRunner.java:290) [junit-4.12.jar:4.12]
	at org.junit.runners.ParentRunner$1.schedule(ParentRunner.java:71) [junit-4.12.jar:4.12]
	at org.junit.runners.ParentRunner.runChildren(ParentRunner.java:288) [junit-4.12.jar:4.12]
	at org.junit.runners.ParentRunner.access$000(ParentRunner.java:58) [junit-4.12.jar:4.12]
	at org.junit.runners.ParentRunner$2.evaluate(ParentRunner.java:268) [junit-4.12.jar:4.12]
	at org.springframework.test.context.junit4.statements.RunBeforeTestClassCallbacks.evaluate(RunBeforeTestClassCallbacks.java:61) [spring-test-5.0.12.RELEASE.jar:5.0.12.RELEASE]
	at org.springframework.test.context.junit4.statements.RunAfterTestClassCallbacks.evaluate(RunAfterTestClassCallbacks.java:70) [spring-test-5.0.12.RELEASE.jar:5.0.12.RELEASE]
	at org.junit.runners.ParentRunner.run(ParentRunner.java:363) [junit-4.12.jar:4.12]
	at org.springframework.test.context.junit4.SpringJUnit4ClassRunner.run(SpringJUnit4ClassRunner.java:190) [spring-test-5.0.12.RELEASE.jar:5.0.12.RELEASE]
	at org.apache.maven.surefire.junit4.JUnit4Provider.execute(JUnit4Provider.java:365) [surefire-junit4-2.21.0.jar:2.21.0]
	at org.apache.maven.surefire.junit4.JUnit4Provider.executeWithRerun(JUnit4Provider.java:273) [surefire-junit4-2.21.0.jar:2.21.0]
	at org.apache.maven.surefire.junit4.JUnit4Provider.executeTestSet(JUnit4Provider.java:238) [surefire-junit4-2.21.0.jar:2.21.0]
	at org.apache.maven.surefire.junit4.JUnit4Provider.invoke(JUnit4Provider.java:159) [surefire-junit4-2.21.0.jar:2.21.0]
	at org.apache.maven.surefire.booter.ForkedBooter.invokeProviderInSameClassLoader(ForkedBooter.java:379) [surefire-booter-2.21.0.jar:2.21.0]
	at org.apache.maven.surefire.booter.ForkedBooter.runSuitesInProcess(ForkedBooter.java:340) [surefire-booter-2.21.0.jar:2.21.0]
	at org.apache.maven.surefire.booter.ForkedBooter.execute(ForkedBooter.java:125) [surefire-booter-2.21.0.jar:2.21.0]
	at org.apache.maven.surefire.booter.ForkedBooter.main(ForkedBooter.java:413) [surefire-booter-2.21.0.jar:2.21.0]
Caused by: org.springframework.beans.factory.BeanCreationException: Error creating bean with name 'enableRedisKeyspaceNotificationsInitializer' defined in class path resource [org/springframework/boot/autoconfigure/session/RedisSessionConfiguration$SpringBootRedisHttpSessionConfiguration.class]: Invocation of init method failed; nested exception is org.springframework.data.redis.connection.PoolException: Could not get a resource from the pool; nested exception is io.lettuce.core.RedisConnectionException: Unable to connect to 172.17.0.8:6382
	at org.springframework.beans.factory.support.AbstractAutowireCapableBeanFactory.initializeBean(AbstractAutowireCapableBeanFactory.java:1694) ~[spring-beans-5.0.12.RELEASE.jar:5.0.12.RELEASE]
	at org.springframework.beans.factory.support.AbstractAutowireCapableBeanFactory.doCreateBean(AbstractAutowireCapableBeanFactory.java:573) ~[spring-beans-5.0.12.RELEASE.jar:5.0.12.RELEASE]
	at org.springframework.beans.factory.support.AbstractAutowireCapableBeanFactory.createBean(AbstractAutowireCapableBeanFactory.java:495) ~[spring-beans-5.0.12.RELEASE.jar:5.0.12.RELEASE]
	at org.springframework.beans.factory.support.AbstractBeanFactory.lambda$doGetBean$0(AbstractBeanFactory.java:317) ~[spring-beans-5.0.12.RELEASE.jar:5.0.12.RELEASE]
	at org.springframework.beans.factory.support.DefaultSingletonBeanRegistry.getSingleton(DefaultSingletonBeanRegistry.java:222) ~[spring-beans-5.0.12.RELEASE.jar:5.0.12.RELEASE]
	at org.springframework.beans.factory.support.AbstractBeanFactory.doGetBean(AbstractBeanFactory.java:315) ~[spring-beans-5.0.12.RELEASE.jar:5.0.12.RELEASE]
	at org.springframework.beans.factory.support.AbstractBeanFactory.getBean(AbstractBeanFactory.java:199) ~[spring-beans-5.0.12.RELEASE.jar:5.0.12.RELEASE]
	at org.springframework.beans.factory.support.DefaultListableBeanFactory.preInstantiateSingletons(DefaultListableBeanFactory.java:759) ~[spring-beans-5.0.12.RELEASE.jar:5.0.12.RELEASE]
	at org.springframework.context.support.AbstractApplicationContext.finishBeanFactoryInitialization(AbstractApplicationContext.java:867) ~[spring-context-5.0.12.RELEASE.jar:5.0.12.RELEASE]
	at org.springframework.context.support.AbstractApplicationContext.refresh(AbstractApplicationContext.java:548) ~[spring-context-5.0.12.RELEASE.jar:5.0.12.RELEASE]
	at org.springframework.boot.SpringApplication.refresh(SpringApplication.java:754) ~[spring-boot-2.0.8.RELEASE.jar:2.0.8.RELEASE]
	at org.springframework.boot.SpringApplication.refreshContext(SpringApplication.java:386) ~[spring-boot-2.0.8.RELEASE.jar:2.0.8.RELEASE]
	at org.springframework.boot.SpringApplication.run(SpringApplication.java:307) ~[spring-boot-2.0.8.RELEASE.jar:2.0.8.RELEASE]
	at org.springframework.boot.test.context.SpringBootContextLoader.loadContext(SpringBootContextLoader.java:127) ~[spring-boot-test-2.0.8.RELEASE.jar:2.0.8.RELEASE]
	at org.springframework.test.context.cache.DefaultCacheAwareContextLoaderDelegate.loadContextInternal(DefaultCacheAwareContextLoaderDelegate.java:99) ~[spring-test-5.0.12.RELEASE.jar:5.0.12.RELEASE]
	at org.springframework.test.context.cache.DefaultCacheAwareContextLoaderDelegate.loadContext(DefaultCacheAwareContextLoaderDelegate.java:117) ~[spring-test-5.0.12.RELEASE.jar:5.0.12.RELEASE]
	... 27 common frames omitted
Caused by: org.springframework.data.redis.connection.PoolException: Could not get a resource from the pool; nested exception is io.lettuce.core.RedisConnectionException: Unable to connect to 172.17.0.8:6382
	at org.springframework.data.redis.connection.lettuce.LettucePoolingConnectionProvider.getConnection(LettucePoolingConnectionProvider.java:86) ~[spring-data-redis-2.0.10.RELEASE.jar:2.0.10.RELEASE]
	at org.springframework.data.redis.connection.lettuce.LettuceConnectionFactory$SharedConnection.getNativeConnection(LettuceConnectionFactory.java:959) ~[spring-data-redis-2.0.10.RELEASE.jar:2.0.10.RELEASE]
	at org.springframework.data.redis.connection.lettuce.LettuceConnectionFactory$SharedConnection.getConnection(LettuceConnectionFactory.java:934) ~[spring-data-redis-2.0.10.RELEASE.jar:2.0.10.RELEASE]
	at org.springframework.data.redis.connection.lettuce.LettuceConnectionFactory.getSharedConnection(LettuceConnectionFactory.java:786) ~[spring-data-redis-2.0.10.RELEASE.jar:2.0.10.RELEASE]
	at org.springframework.data.redis.connection.lettuce.LettuceConnectionFactory.getConnection(LettuceConnectionFactory.java:300) ~[spring-data-redis-2.0.10.RELEASE.jar:2.0.10.RELEASE]
	at org.springframework.session.data.redis.config.annotation.web.http.RedisHttpSessionConfiguration$EnableRedisKeyspaceNotificationsInitializer.afterPropertiesSet(RedisHttpSessionConfiguration.java:302) ~[spring-session-data-redis-2.0.9.RELEASE.jar:2.0.9.RELEASE]
	at org.springframework.beans.factory.support.AbstractAutowireCapableBeanFactory.invokeInitMethods(AbstractAutowireCapableBeanFactory.java:1753) ~[spring-beans-5.0.12.RELEASE.jar:5.0.12.RELEASE]
	at org.springframework.beans.factory.support.AbstractAutowireCapableBeanFactory.initializeBean(AbstractAutowireCapableBeanFactory.java:1690) ~[spring-beans-5.0.12.RELEASE.jar:5.0.12.RELEASE]
	... 42 common frames omitted
Caused by: io.lettuce.core.RedisConnectionException: Unable to connect to 172.17.0.8:6382
	at io.lettuce.core.RedisConnectionException.create(RedisConnectionException.java:56) ~[lettuce-core-5.0.5.RELEASE.jar:na]
	at io.lettuce.core.AbstractRedisClient.getConnection(AbstractRedisClient.java:233) ~[lettuce-core-5.0.5.RELEASE.jar:na]
	at io.lettuce.core.RedisClient.connectStandalone(RedisClient.java:253) ~[lettuce-core-5.0.5.RELEASE.jar:na]
	at io.lettuce.core.RedisClient.connect(RedisClient.java:202) ~[lettuce-core-5.0.5.RELEASE.jar:na]
	at org.springframework.data.redis.connection.lettuce.StandaloneConnectionProvider.getConnection(StandaloneConnectionProvider.java:56) ~[spring-data-redis-2.0.10.RELEASE.jar:2.0.10.RELEASE]
	at org.springframework.data.redis.connection.lettuce.LettucePoolingConnectionProvider.lambda$null$0(LettucePoolingConnectionProvider.java:74) ~[spring-data-redis-2.0.10.RELEASE.jar:2.0.10.RELEASE]
	at io.lettuce.core.support.ConnectionPoolSupport$RedisPooledObjectFactory.create(ConnectionPoolSupport.java:225) ~[lettuce-core-5.0.5.RELEASE.jar:na]
	at io.lettuce.core.support.ConnectionPoolSupport$RedisPooledObjectFactory.create(ConnectionPoolSupport.java:215) ~[lettuce-core-5.0.5.RELEASE.jar:na]
	at org.apache.commons.pool2.BasePooledObjectFactory.makeObject(BasePooledObjectFactory.java:58) ~[commons-pool2-2.5.0.jar:2.5.0]
	at org.apache.commons.pool2.impl.GenericObjectPool.create(GenericObjectPool.java:889) ~[commons-pool2-2.5.0.jar:2.5.0]
	at org.apache.commons.pool2.impl.GenericObjectPool.borrowObject(GenericObjectPool.java:433) ~[commons-pool2-2.5.0.jar:2.5.0]
	at org.apache.commons.pool2.impl.GenericObjectPool.borrowObject(GenericObjectPool.java:362) ~[commons-pool2-2.5.0.jar:2.5.0]
	at io.lettuce.core.support.ConnectionPoolSupport$1.borrowObject(ConnectionPoolSupport.java:124) ~[lettuce-core-5.0.5.RELEASE.jar:na]
	at io.lettuce.core.support.ConnectionPoolSupport$1.borrowObject(ConnectionPoolSupport.java:120) ~[lettuce-core-5.0.5.RELEASE.jar:na]
	at org.springframework.data.redis.connection.lettuce.LettucePoolingConnectionProvider.getConnection(LettucePoolingConnectionProvider.java:80) ~[spring-data-redis-2.0.10.RELEASE.jar:2.0.10.RELEASE]
	... 49 common frames omitted
Caused by: io.netty.channel.ConnectTimeoutException: connection timed out: /172.17.0.8:6382
	at io.netty.channel.nio.AbstractNioChannel$AbstractNioUnsafe$1.run(AbstractNioChannel.java:267) ~[netty-transport-4.1.31.Final.jar:4.1.31.Final]
	at io.netty.util.concurrent.PromiseTask$RunnableAdapter.call(PromiseTask.java:38) ~[netty-common-4.1.31.Final.jar:4.1.31.Final]
	at io.netty.util.concurrent.ScheduledFutureTask.run(ScheduledFutureTask.java:127) ~[netty-common-4.1.31.Final.jar:4.1.31.Final]
	at io.netty.util.concurrent.AbstractEventExecutor.safeExecute(AbstractEventExecutor.java:163) ~[netty-common-4.1.31.Final.jar:4.1.31.Final]
	at io.netty.util.concurrent.SingleThreadEventExecutor.runAllTasks(SingleThreadEventExecutor.java:404) ~[netty-common-4.1.31.Final.jar:4.1.31.Final]
	at io.netty.channel.nio.NioEventLoop.run(NioEventLoop.java:466) ~[netty-transport-4.1.31.Final.jar:4.1.31.Final]
	at io.netty.util.concurrent.SingleThreadEventExecutor$5.run(SingleThreadEventExecutor.java:897) ~[netty-common-4.1.31.Final.jar:4.1.31.Final]
	at io.netty.util.concurrent.FastThreadLocalRunnable.run(FastThreadLocalRunnable.java:30) ~[netty-common-4.1.31.Final.jar:4.1.31.Final]
	at java.lang.Thread.run(Thread.java:748) ~[na:1.8.0_211]

]]></system-out>
  </testcase>
</testsuite>